{
  "stats": {
    "suites": 4,
    "tests": 16,
    "passes": 6,
    "pending": 0,
    "failures": 10,
    "start": "2017-05-11T18:20:08.344Z",
    "end": "2017-05-11T18:20:09.113Z",
    "duration": 769,
    "testsRegistered": 16,
    "passPercent": 37.5,
    "pendingPercent": 0,
    "other": 1,
    "hasOther": true,
    "skipped": 0,
    "hasSkipped": false,
    "passPercentClass": "danger",
    "pendingPercentClass": "danger"
  },
  "suites": {
    "title": "",
    "suites": [
      {
        "title": "Details API unit tests",
        "suites": [],
        "tests": [
          {
            "title": "should return collection of JSON documents",
            "fullTitle": "Details API unit tests should return collection of JSON documents",
            "timedOut": false,
            "duration": 0,
            "state": "failed",
            "pass": false,
            "fail": true,
            "pending": false,
            "code": "// calling home page api\n    (0, _supertest2.default)(_server.server).get(\"/api/details\").expect(\"Content-type\", /json/).expect(200) // This is HTTP response\n    .end(function (err, res) {\n      // HTTP status should be 200\n      res.status.should.equal(200);\n      done();\n    });",
            "err": {
              "operator": "to be",
              "expected": "200",
              "showDiff": true,
              "actual": "404",
              "negate": false,
              "assertion": {
                "obj": 404,
                "anyOne": false,
                "negate": false,
                "params": {
                  "operator": "to be",
                  "expected": 200,
                  "showDiff": true,
                  "actual": 404,
                  "negate": false,
                  "assertion": "[Circular ~.suites.suites.0.tests.0.err.assertion]"
                },
                "light": false
              },
              "_message": "expected 404 to be 200",
              "generatedMessage": true,
              "uncaught": true,
              "estack": "AssertionError: expected 404 to be 200\n    at Assertion.fail (node_modules\\should\\cjs\\should.js:258:17)\n    at Assertion.value (node_modules\\should\\cjs\\should.js:335:19)\n    at Test.<anonymous> (C:/Users/ellingworthl/Documents/MASTERS_WIT/EWD_Assign2_WebAPI/test/testDetailsApi.js:19:25)\n    at Test.assert (node_modules\\supertest\\lib\\test.js:179:6)\n    at Server.assert (node_modules\\supertest\\lib\\test.js:131:12)\n    at emitCloseNT (net.js:1555:8)\n    at _combinedTickCallback (internal/process/next_tick.js:71:11)\n    at process._tickCallback (internal/process/next_tick.js:98:9)",
              "diff": "- 404\n+ 200\n"
            },
            "isRoot": false,
            "uuid": "b1cc146d-fc23-41b6-b548-6fd2a9e2fe36",
            "parentUUID": "ef6aa25a-c497-4933-85b1-dc59cd2089f9",
            "skipped": false
          },
          {
            "title": "should add a venue detail",
            "fullTitle": "Details API unit tests should add a venue detail",
            "timedOut": false,
            "duration": 0,
            "state": "failed",
            "pass": false,
            "fail": true,
            "pending": false,
            "code": "(0, _supertest2.default)(_server.server).post('/api/details').send({ id: \"001\", name: \"Test Venue\", description: \"Test Discription\", type: \"Test Type\", link: \"Test URL\", association: \"Test association\", parking: \"Test parking\", toilet: \"Test W/C\", refreshments: \"Test refreshments\", other: \"Test Other\", directions: \"Test directions URL\", images: \"Test Image0\", images1: \"Test Image1\" }).expect(\"Content-type\", /json/).expect(201).end(function (err, res) {\n  res.status.should.equal(201);\n  res.body.details.should.have.property('_id');\n  res.body.details.description.should.equal('Test Discription');\n  done();\n});",
            "err": {
              "operator": "to be",
              "expected": "201",
              "showDiff": true,
              "actual": "404",
              "negate": false,
              "assertion": {
                "obj": 404,
                "anyOne": false,
                "negate": false,
                "params": {
                  "operator": "to be",
                  "expected": 201,
                  "showDiff": true,
                  "actual": 404,
                  "negate": false,
                  "assertion": "[Circular ~.suites.suites.0.tests.1.err.assertion]"
                },
                "light": false
              },
              "_message": "expected 404 to be 201",
              "generatedMessage": true,
              "uncaught": true,
              "estack": "AssertionError: expected 404 to be 201\n    at Assertion.fail (node_modules\\should\\cjs\\should.js:258:17)\n    at Assertion.value (node_modules\\should\\cjs\\should.js:335:19)\n    at Test.<anonymous> (C:/Users/ellingworthl/Documents/MASTERS_WIT/EWD_Assign2_WebAPI/test/testDetailsApi.js:32:25)\n    at Test.assert (node_modules\\supertest\\lib\\test.js:179:6)\n    at Server.assert (node_modules\\supertest\\lib\\test.js:131:12)\n    at emitCloseNT (net.js:1555:8)\n    at _combinedTickCallback (internal/process/next_tick.js:71:11)\n    at process._tickCallback (internal/process/next_tick.js:98:9)",
              "diff": "- 404\n+ 201\n"
            },
            "isRoot": false,
            "uuid": "78399335-4ea1-4448-b5de-272a8cb71fbd",
            "parentUUID": "ef6aa25a-c497-4933-85b1-dc59cd2089f9",
            "skipped": false
          },
          {
            "title": "should delete venue",
            "fullTitle": "Details API unit tests should delete venue",
            "timedOut": false,
            "duration": 0,
            "state": "failed",
            "pass": false,
            "fail": true,
            "pending": false,
            "code": "var superserver = (0, _supertest2.default)(_server.server);\nsuperserver.get(\"/api/details\").expect(\"Content-type\", /json/).expect(200) // This is HTTP response\n.end(function (err, res) {\n  var id = res.body[0]._id;\n  superserver.delete(\"/api/details/\" + id).expect(\"Content-type\", /json/).expect(200) // This is HTTP response\n  .end(function (err, res) {\n    res.body._id.should.equal(id);\n    res.body.should.have.property(\"description\");\n    done();\n  });\n});",
            "err": {
              "uncaught": true,
              "estack": "TypeError: Cannot read property '_id' of undefined\n    at Test.<anonymous> (C:/Users/ellingworthl/Documents/MASTERS_WIT/EWD_Assign2_WebAPI/test/testDetailsApi.js:47:18)\n    at Test.assert (node_modules\\supertest\\lib\\test.js:179:6)\n    at Server.assert (node_modules\\supertest\\lib\\test.js:131:12)\n    at emitCloseNT (net.js:1555:8)\n    at _combinedTickCallback (internal/process/next_tick.js:71:11)\n    at process._tickCallback (internal/process/next_tick.js:98:9)"
            },
            "isRoot": false,
            "uuid": "6078784f-45dc-4c82-9fb2-06b4d95d8257",
            "parentUUID": "ef6aa25a-c497-4933-85b1-dc59cd2089f9",
            "skipped": false
          },
          {
            "title": "should add and delete Venue Detail 999",
            "fullTitle": "Details API unit tests should add and delete Venue Detail 999",
            "timedOut": false,
            "duration": 0,
            "state": "failed",
            "pass": false,
            "fail": true,
            "pending": false,
            "code": "// post to /api/details\n// calling home page api\nvar superserver = (0, _supertest2.default)(_server.server);\nsuperserver.get(\"/api/details\").expect(\"Content-type\", /json/).expect(200) // This is HTTP response\n.end(function (err, res) {\n  var id = res.body[0]._id;\n  superserver.put(\"/api/details/\" + id).send({ id: \"001\", name: \"999 Venue\", description: \"999 Discription\", type: \"999 Type\", link: \"999 URL\", association: \"999 association\", parking: \"999 parking\", toilet: \"999 W/C\", refreshments: \"999 refreshments\", other: \"999 Other\", directions: \"999 directions URL\", images: \"999 Image0\", images1: \"999 Image1\" }).expect(\"Content-type\", /json/).expect(200) // This is HTTP response\n  .end(function (err, res) {\n    superserver.delete(\"/api/details/\" + id).expect(\"Content-type\", /json/).expect(200) // This is HTTP response\n    .end(function (err, res) {\n      res.body._id.should.equal(id);\n      res.body.name.should.equal(\"Venue 999\");\n      done();\n    });\n  });\n});",
            "err": {
              "uncaught": true,
              "estack": "TypeError: Cannot read property '_id' of undefined\n    at Test.<anonymous> (C:/Users/ellingworthl/Documents/MASTERS_WIT/EWD_Assign2_WebAPI/test/testDetailsApi.js:72:20)\n    at Test.assert (node_modules\\supertest\\lib\\test.js:179:6)\n    at Server.assert (node_modules\\supertest\\lib\\test.js:131:12)\n    at emitCloseNT (net.js:1555:8)\n    at _combinedTickCallback (internal/process/next_tick.js:71:11)\n    at process._tickCallback (internal/process/next_tick.js:98:9)"
            },
            "isRoot": false,
            "uuid": "c13db5ce-206b-4f86-8934-c7265293b03f",
            "parentUUID": "ef6aa25a-c497-4933-85b1-dc59cd2089f9",
            "skipped": false
          }
        ],
        "pending": [],
        "root": false,
        "_timeout": 120000,
        "file": "\\test\\testDetailsApi.js",
        "uuid": "ef6aa25a-c497-4933-85b1-dc59cd2089f9",
        "fullFile": "C:\\Users\\ellingworthl\\Documents\\MASTERS_WIT\\EWD_Assign2_WebAPI\\test\\testDetailsApi.js",
        "passes": [],
        "failures": [
          {
            "title": "should return collection of JSON documents",
            "fullTitle": "Details API unit tests should return collection of JSON documents",
            "timedOut": false,
            "duration": 0,
            "state": "failed",
            "pass": false,
            "fail": true,
            "pending": false,
            "code": "// calling home page api\n    (0, _supertest2.default)(_server.server).get(\"/api/details\").expect(\"Content-type\", /json/).expect(200) // This is HTTP response\n    .end(function (err, res) {\n      // HTTP status should be 200\n      res.status.should.equal(200);\n      done();\n    });",
            "err": {
              "operator": "to be",
              "expected": "200",
              "showDiff": true,
              "actual": "404",
              "negate": false,
              "assertion": {
                "obj": 404,
                "anyOne": false,
                "negate": false,
                "params": {
                  "operator": "to be",
                  "expected": 200,
                  "showDiff": true,
                  "actual": 404,
                  "negate": false,
                  "assertion": "[Circular ~.suites.suites.0.failures.0.err.assertion]"
                },
                "light": false
              },
              "_message": "expected 404 to be 200",
              "generatedMessage": true,
              "uncaught": true,
              "estack": "AssertionError: expected 404 to be 200\n    at Assertion.fail (node_modules\\should\\cjs\\should.js:258:17)\n    at Assertion.value (node_modules\\should\\cjs\\should.js:335:19)\n    at Test.<anonymous> (C:/Users/ellingworthl/Documents/MASTERS_WIT/EWD_Assign2_WebAPI/test/testDetailsApi.js:19:25)\n    at Test.assert (node_modules\\supertest\\lib\\test.js:179:6)\n    at Server.assert (node_modules\\supertest\\lib\\test.js:131:12)\n    at emitCloseNT (net.js:1555:8)\n    at _combinedTickCallback (internal/process/next_tick.js:71:11)\n    at process._tickCallback (internal/process/next_tick.js:98:9)",
              "diff": "- 404\n+ 200\n"
            },
            "isRoot": false,
            "uuid": "b1cc146d-fc23-41b6-b548-6fd2a9e2fe36",
            "parentUUID": "ef6aa25a-c497-4933-85b1-dc59cd2089f9",
            "skipped": false
          },
          {
            "title": "should add a venue detail",
            "fullTitle": "Details API unit tests should add a venue detail",
            "timedOut": false,
            "duration": 0,
            "state": "failed",
            "pass": false,
            "fail": true,
            "pending": false,
            "code": "(0, _supertest2.default)(_server.server).post('/api/details').send({ id: \"001\", name: \"Test Venue\", description: \"Test Discription\", type: \"Test Type\", link: \"Test URL\", association: \"Test association\", parking: \"Test parking\", toilet: \"Test W/C\", refreshments: \"Test refreshments\", other: \"Test Other\", directions: \"Test directions URL\", images: \"Test Image0\", images1: \"Test Image1\" }).expect(\"Content-type\", /json/).expect(201).end(function (err, res) {\n  res.status.should.equal(201);\n  res.body.details.should.have.property('_id');\n  res.body.details.description.should.equal('Test Discription');\n  done();\n});",
            "err": {
              "operator": "to be",
              "expected": "201",
              "showDiff": true,
              "actual": "404",
              "negate": false,
              "assertion": {
                "obj": 404,
                "anyOne": false,
                "negate": false,
                "params": {
                  "operator": "to be",
                  "expected": 201,
                  "showDiff": true,
                  "actual": 404,
                  "negate": false,
                  "assertion": "[Circular ~.suites.suites.0.failures.1.err.assertion]"
                },
                "light": false
              },
              "_message": "expected 404 to be 201",
              "generatedMessage": true,
              "uncaught": true,
              "estack": "AssertionError: expected 404 to be 201\n    at Assertion.fail (node_modules\\should\\cjs\\should.js:258:17)\n    at Assertion.value (node_modules\\should\\cjs\\should.js:335:19)\n    at Test.<anonymous> (C:/Users/ellingworthl/Documents/MASTERS_WIT/EWD_Assign2_WebAPI/test/testDetailsApi.js:32:25)\n    at Test.assert (node_modules\\supertest\\lib\\test.js:179:6)\n    at Server.assert (node_modules\\supertest\\lib\\test.js:131:12)\n    at emitCloseNT (net.js:1555:8)\n    at _combinedTickCallback (internal/process/next_tick.js:71:11)\n    at process._tickCallback (internal/process/next_tick.js:98:9)",
              "diff": "- 404\n+ 201\n"
            },
            "isRoot": false,
            "uuid": "78399335-4ea1-4448-b5de-272a8cb71fbd",
            "parentUUID": "ef6aa25a-c497-4933-85b1-dc59cd2089f9",
            "skipped": false
          },
          {
            "title": "should delete venue",
            "fullTitle": "Details API unit tests should delete venue",
            "timedOut": false,
            "duration": 0,
            "state": "failed",
            "pass": false,
            "fail": true,
            "pending": false,
            "code": "var superserver = (0, _supertest2.default)(_server.server);\nsuperserver.get(\"/api/details\").expect(\"Content-type\", /json/).expect(200) // This is HTTP response\n.end(function (err, res) {\n  var id = res.body[0]._id;\n  superserver.delete(\"/api/details/\" + id).expect(\"Content-type\", /json/).expect(200) // This is HTTP response\n  .end(function (err, res) {\n    res.body._id.should.equal(id);\n    res.body.should.have.property(\"description\");\n    done();\n  });\n});",
            "err": {
              "uncaught": true,
              "estack": "TypeError: Cannot read property '_id' of undefined\n    at Test.<anonymous> (C:/Users/ellingworthl/Documents/MASTERS_WIT/EWD_Assign2_WebAPI/test/testDetailsApi.js:47:18)\n    at Test.assert (node_modules\\supertest\\lib\\test.js:179:6)\n    at Server.assert (node_modules\\supertest\\lib\\test.js:131:12)\n    at emitCloseNT (net.js:1555:8)\n    at _combinedTickCallback (internal/process/next_tick.js:71:11)\n    at process._tickCallback (internal/process/next_tick.js:98:9)"
            },
            "isRoot": false,
            "uuid": "6078784f-45dc-4c82-9fb2-06b4d95d8257",
            "parentUUID": "ef6aa25a-c497-4933-85b1-dc59cd2089f9",
            "skipped": false
          },
          {
            "title": "should add and delete Venue Detail 999",
            "fullTitle": "Details API unit tests should add and delete Venue Detail 999",
            "timedOut": false,
            "duration": 0,
            "state": "failed",
            "pass": false,
            "fail": true,
            "pending": false,
            "code": "// post to /api/details\n// calling home page api\nvar superserver = (0, _supertest2.default)(_server.server);\nsuperserver.get(\"/api/details\").expect(\"Content-type\", /json/).expect(200) // This is HTTP response\n.end(function (err, res) {\n  var id = res.body[0]._id;\n  superserver.put(\"/api/details/\" + id).send({ id: \"001\", name: \"999 Venue\", description: \"999 Discription\", type: \"999 Type\", link: \"999 URL\", association: \"999 association\", parking: \"999 parking\", toilet: \"999 W/C\", refreshments: \"999 refreshments\", other: \"999 Other\", directions: \"999 directions URL\", images: \"999 Image0\", images1: \"999 Image1\" }).expect(\"Content-type\", /json/).expect(200) // This is HTTP response\n  .end(function (err, res) {\n    superserver.delete(\"/api/details/\" + id).expect(\"Content-type\", /json/).expect(200) // This is HTTP response\n    .end(function (err, res) {\n      res.body._id.should.equal(id);\n      res.body.name.should.equal(\"Venue 999\");\n      done();\n    });\n  });\n});",
            "err": {
              "uncaught": true,
              "estack": "TypeError: Cannot read property '_id' of undefined\n    at Test.<anonymous> (C:/Users/ellingworthl/Documents/MASTERS_WIT/EWD_Assign2_WebAPI/test/testDetailsApi.js:72:20)\n    at Test.assert (node_modules\\supertest\\lib\\test.js:179:6)\n    at Server.assert (node_modules\\supertest\\lib\\test.js:131:12)\n    at emitCloseNT (net.js:1555:8)\n    at _combinedTickCallback (internal/process/next_tick.js:71:11)\n    at process._tickCallback (internal/process/next_tick.js:98:9)"
            },
            "isRoot": false,
            "uuid": "c13db5ce-206b-4f86-8934-c7265293b03f",
            "parentUUID": "ef6aa25a-c497-4933-85b1-dc59cd2089f9",
            "skipped": false
          }
        ],
        "skipped": [],
        "hasTests": true,
        "hasSuites": false,
        "totalTests": 4,
        "totalPasses": 0,
        "totalFailures": 4,
        "totalPending": 0,
        "totalSkipped": 0,
        "hasPasses": false,
        "hasFailures": true,
        "hasPending": false,
        "hasSkipped": false,
        "duration": 0,
        "rootEmpty": false
      },
      {
        "title": "Events API unit tests",
        "suites": [],
        "tests": [
          {
            "title": "should return collection of JSON documents",
            "fullTitle": "Events API unit tests should return collection of JSON documents",
            "timedOut": false,
            "duration": 57,
            "state": "passed",
            "speed": "medium",
            "pass": true,
            "fail": false,
            "pending": false,
            "code": "// calling home page api\n    (0, _supertest2.default)(_server.server).get(\"/api/Events\").expect(\"Content-type\", /json/).expect(200) // This is HTTP response\n    .end(function (err, res) {\n      // HTTP status should be 200\n      res.status.should.equal(200);\n      done();\n    });",
            "err": {},
            "isRoot": false,
            "uuid": "abcda4ed-44f0-4417-90d1-d8fc1fe6ca32",
            "parentUUID": "e9087000-92f4-422a-bb63-6afc9dbdc58a",
            "skipped": false
          },
          {
            "title": "should add an event",
            "fullTitle": "Events API unit tests should add an event",
            "timedOut": false,
            "duration": 34,
            "state": "passed",
            "speed": "fast",
            "pass": true,
            "fail": false,
            "pending": false,
            "code": "(0, _supertest2.default)(_server.server).post('/api/Events').send({ round: \"Test Round\", venue: \"Test Venue\", date: \"2017/07/01\" }).expect(\"Content-type\", /json/).expect(201).end(function (err, res) {\n  res.status.should.equal(201);\n  res.body.event.should.have.property('round');\n  res.body.event.round.should.equal('Test Round');\n  done();\n});",
            "err": {},
            "isRoot": false,
            "uuid": "8f076230-eb73-4531-bcd7-8f2919eba11a",
            "parentUUID": "e9087000-92f4-422a-bb63-6afc9dbdc58a",
            "skipped": false
          },
          {
            "title": "should delete event",
            "fullTitle": "Events API unit tests should delete event",
            "timedOut": false,
            "duration": 0,
            "state": "failed",
            "pass": false,
            "fail": true,
            "pending": false,
            "code": "var superserver = (0, _supertest2.default)(_server.server);\nsuperserver.get(\"/api/Events\").expect(\"Content-type\", /json/).expect(200) // This is HTTP response\n.end(function (err, res) {\n  var id = res.body[0]._id;\n  superserver.delete(\"/api/Events/\" + id).expect(\"Content-type\", /json/).expect(200) // This is HTTP response\n  .end(function (err, res) {\n    res.body._id.should.equal(id);\n    res.body.should.have.property(\"round\");\n    done();\n  });\n});",
            "err": {
              "uncaught": true,
              "estack": "TypeError: Cannot read property '_id' of undefined\n    at Test.<anonymous> (C:/Users/ellingworthl/Documents/MASTERS_WIT/EWD_Assign2_WebAPI/test/testEventsApi.js:50:18)\n    at Test.assert (node_modules\\supertest\\lib\\test.js:179:6)\n    at Server.assert (node_modules\\supertest\\lib\\test.js:131:12)\n    at emitCloseNT (net.js:1555:8)\n    at _combinedTickCallback (internal/process/next_tick.js:71:11)\n    at process._tickCallback (internal/process/next_tick.js:98:9)"
            },
            "isRoot": false,
            "uuid": "eac91488-38a9-4de6-8a62-e9aaae9ca82f",
            "parentUUID": "e9087000-92f4-422a-bb63-6afc9dbdc58a",
            "skipped": false
          },
          {
            "title": "should add and delete Event 999",
            "fullTitle": "Events API unit tests should add and delete Event 999",
            "timedOut": false,
            "duration": 0,
            "state": "failed",
            "pass": false,
            "fail": true,
            "pending": false,
            "code": "// post to /api/Events\n// calling home page api\nvar superserver = (0, _supertest2.default)(_server.server);\nsuperserver.get(\"/api/Events\").expect(\"Content-type\", /json/).expect(200) // This is HTTP response\n.end(function (err, res) {\n  var id = res.body[0]._id;\n  superserver.put(\"/api/Events/\" + id).send({ round: \"999 Round\", venue: \"999 Venue\", date: \"999 Date\" }).expect(\"Content-type\", /json/).expect(200) // This is HTTP response\n  .end(function (err, res) {\n    superserver.delete(\"/api/Events/\" + id).expect(\"Content-type\", /json/).expect(200) // This is HTTP response\n    .end(function (err, res) {\n      res.body._id.should.equal(id);\n      res.body.round.should.equal(\"Round 999\");\n      done();\n    });\n  });\n});",
            "err": {
              "uncaught": true,
              "estack": "TypeError: Cannot read property '_id' of undefined\n    at Test.<anonymous> (C:/Users/ellingworthl/Documents/MASTERS_WIT/EWD_Assign2_WebAPI/test/testEventsApi.js:75:20)\n    at Test.assert (node_modules\\supertest\\lib\\test.js:179:6)\n    at Server.assert (node_modules\\supertest\\lib\\test.js:131:12)\n    at emitCloseNT (net.js:1555:8)\n    at _combinedTickCallback (internal/process/next_tick.js:71:11)\n    at process._tickCallback (internal/process/next_tick.js:98:9)"
            },
            "isRoot": false,
            "uuid": "ad0f5770-f7f8-4952-a70c-ea3540b8c640",
            "parentUUID": "e9087000-92f4-422a-bb63-6afc9dbdc58a",
            "skipped": false
          }
        ],
        "pending": [],
        "root": false,
        "_timeout": 120000,
        "file": "\\test\\testEventsApi.js",
        "uuid": "e9087000-92f4-422a-bb63-6afc9dbdc58a",
        "fullFile": "C:\\Users\\ellingworthl\\Documents\\MASTERS_WIT\\EWD_Assign2_WebAPI\\test\\testEventsApi.js",
        "passes": [
          {
            "title": "should return collection of JSON documents",
            "fullTitle": "Events API unit tests should return collection of JSON documents",
            "timedOut": false,
            "duration": 57,
            "state": "passed",
            "speed": "medium",
            "pass": true,
            "fail": false,
            "pending": false,
            "code": "// calling home page api\n    (0, _supertest2.default)(_server.server).get(\"/api/Events\").expect(\"Content-type\", /json/).expect(200) // This is HTTP response\n    .end(function (err, res) {\n      // HTTP status should be 200\n      res.status.should.equal(200);\n      done();\n    });",
            "err": {},
            "isRoot": false,
            "uuid": "abcda4ed-44f0-4417-90d1-d8fc1fe6ca32",
            "parentUUID": "e9087000-92f4-422a-bb63-6afc9dbdc58a",
            "skipped": false
          },
          {
            "title": "should add an event",
            "fullTitle": "Events API unit tests should add an event",
            "timedOut": false,
            "duration": 34,
            "state": "passed",
            "speed": "fast",
            "pass": true,
            "fail": false,
            "pending": false,
            "code": "(0, _supertest2.default)(_server.server).post('/api/Events').send({ round: \"Test Round\", venue: \"Test Venue\", date: \"2017/07/01\" }).expect(\"Content-type\", /json/).expect(201).end(function (err, res) {\n  res.status.should.equal(201);\n  res.body.event.should.have.property('round');\n  res.body.event.round.should.equal('Test Round');\n  done();\n});",
            "err": {},
            "isRoot": false,
            "uuid": "8f076230-eb73-4531-bcd7-8f2919eba11a",
            "parentUUID": "e9087000-92f4-422a-bb63-6afc9dbdc58a",
            "skipped": false
          }
        ],
        "failures": [
          {
            "title": "should delete event",
            "fullTitle": "Events API unit tests should delete event",
            "timedOut": false,
            "duration": 0,
            "state": "failed",
            "pass": false,
            "fail": true,
            "pending": false,
            "code": "var superserver = (0, _supertest2.default)(_server.server);\nsuperserver.get(\"/api/Events\").expect(\"Content-type\", /json/).expect(200) // This is HTTP response\n.end(function (err, res) {\n  var id = res.body[0]._id;\n  superserver.delete(\"/api/Events/\" + id).expect(\"Content-type\", /json/).expect(200) // This is HTTP response\n  .end(function (err, res) {\n    res.body._id.should.equal(id);\n    res.body.should.have.property(\"round\");\n    done();\n  });\n});",
            "err": {
              "uncaught": true,
              "estack": "TypeError: Cannot read property '_id' of undefined\n    at Test.<anonymous> (C:/Users/ellingworthl/Documents/MASTERS_WIT/EWD_Assign2_WebAPI/test/testEventsApi.js:50:18)\n    at Test.assert (node_modules\\supertest\\lib\\test.js:179:6)\n    at Server.assert (node_modules\\supertest\\lib\\test.js:131:12)\n    at emitCloseNT (net.js:1555:8)\n    at _combinedTickCallback (internal/process/next_tick.js:71:11)\n    at process._tickCallback (internal/process/next_tick.js:98:9)"
            },
            "isRoot": false,
            "uuid": "eac91488-38a9-4de6-8a62-e9aaae9ca82f",
            "parentUUID": "e9087000-92f4-422a-bb63-6afc9dbdc58a",
            "skipped": false
          },
          {
            "title": "should add and delete Event 999",
            "fullTitle": "Events API unit tests should add and delete Event 999",
            "timedOut": false,
            "duration": 0,
            "state": "failed",
            "pass": false,
            "fail": true,
            "pending": false,
            "code": "// post to /api/Events\n// calling home page api\nvar superserver = (0, _supertest2.default)(_server.server);\nsuperserver.get(\"/api/Events\").expect(\"Content-type\", /json/).expect(200) // This is HTTP response\n.end(function (err, res) {\n  var id = res.body[0]._id;\n  superserver.put(\"/api/Events/\" + id).send({ round: \"999 Round\", venue: \"999 Venue\", date: \"999 Date\" }).expect(\"Content-type\", /json/).expect(200) // This is HTTP response\n  .end(function (err, res) {\n    superserver.delete(\"/api/Events/\" + id).expect(\"Content-type\", /json/).expect(200) // This is HTTP response\n    .end(function (err, res) {\n      res.body._id.should.equal(id);\n      res.body.round.should.equal(\"Round 999\");\n      done();\n    });\n  });\n});",
            "err": {
              "uncaught": true,
              "estack": "TypeError: Cannot read property '_id' of undefined\n    at Test.<anonymous> (C:/Users/ellingworthl/Documents/MASTERS_WIT/EWD_Assign2_WebAPI/test/testEventsApi.js:75:20)\n    at Test.assert (node_modules\\supertest\\lib\\test.js:179:6)\n    at Server.assert (node_modules\\supertest\\lib\\test.js:131:12)\n    at emitCloseNT (net.js:1555:8)\n    at _combinedTickCallback (internal/process/next_tick.js:71:11)\n    at process._tickCallback (internal/process/next_tick.js:98:9)"
            },
            "isRoot": false,
            "uuid": "ad0f5770-f7f8-4952-a70c-ea3540b8c640",
            "parentUUID": "e9087000-92f4-422a-bb63-6afc9dbdc58a",
            "skipped": false
          }
        ],
        "skipped": [],
        "hasTests": true,
        "hasSuites": false,
        "totalTests": 4,
        "totalPasses": 2,
        "totalFailures": 2,
        "totalPending": 0,
        "totalSkipped": 0,
        "hasPasses": true,
        "hasFailures": true,
        "hasPending": false,
        "hasSkipped": false,
        "duration": 91,
        "rootEmpty": false
      },
      {
        "title": "Reviews API unit tests",
        "suites": [],
        "tests": [
          {
            "title": "should return collection of JSON documents",
            "fullTitle": "Reviews API unit tests should return collection of JSON documents",
            "timedOut": false,
            "duration": 43,
            "state": "passed",
            "speed": "medium",
            "pass": true,
            "fail": false,
            "pending": false,
            "code": "// calling home page api\n    (0, _supertest2.default)(_server.server).get(\"/api/reviews\").expect(\"Content-type\", /json/).expect(200) // This is HTTP response\n    .end(function (err, res) {\n      // HTTP status should be 200\n      res.status.should.equal(200);\n      done();\n    });",
            "err": {},
            "isRoot": false,
            "uuid": "f498be0b-a94d-4b0d-8144-eb5335768f1f",
            "parentUUID": "5f3ba6a7-7fe5-4c67-9653-ad975e9e5cc6",
            "skipped": false
          },
          {
            "title": "should add a review",
            "fullTitle": "Reviews API unit tests should add a review",
            "timedOut": false,
            "duration": 24,
            "state": "passed",
            "speed": "fast",
            "pass": true,
            "fail": false,
            "pending": false,
            "code": "(0, _supertest2.default)(_server.server).post('/api/reviews').send({ title: \"Test Review\", link: \"https://github.com/ellingworthl/EWD_Assign2_WebAPI\", username: \"TiggerLady\" }).expect(\"Content-type\", /json/).expect(201).end(function (err, res) {\n  res.status.should.equal(201);\n  res.body.review.should.have.property('_id');\n  res.body.review.username.should.equal('TiggerLady');\n  done();\n});",
            "err": {},
            "isRoot": false,
            "uuid": "40593574-7647-472f-a4f7-dfd7ce756031",
            "parentUUID": "5f3ba6a7-7fe5-4c67-9653-ad975e9e5cc6",
            "skipped": false
          },
          {
            "title": "should delete review",
            "fullTitle": "Reviews API unit tests should delete review",
            "timedOut": false,
            "duration": 0,
            "state": "failed",
            "pass": false,
            "fail": true,
            "pending": false,
            "code": "var superserver = (0, _supertest2.default)(_server.server);\nsuperserver.get(\"/api/reviews\").expect(\"Content-type\", /json/).expect(200) // This is HTTP response\n.end(function (err, res) {\n  var id = res.body[0]._id;\n  superserver.delete(\"/api/reviews/\" + id).expect(\"Content-type\", /json/).expect(200) // This is HTTP response\n  .end(function (err, res) {\n    res.body._id.should.equal(id);\n    res.body.should.have.property(\"username\");\n    done();\n  });\n});",
            "err": {
              "uncaught": true,
              "estack": "TypeError: Cannot read property '_id' of undefined\n    at Test.<anonymous> (C:/Users/ellingworthl/Documents/MASTERS_WIT/EWD_Assign2_WebAPI/test/testReviewsApi.js:47:18)\n    at Test.assert (node_modules\\supertest\\lib\\test.js:179:6)\n    at Server.assert (node_modules\\supertest\\lib\\test.js:131:12)\n    at emitCloseNT (net.js:1555:8)\n    at _combinedTickCallback (internal/process/next_tick.js:71:11)\n    at process._tickCallback (internal/process/next_tick.js:98:9)"
            },
            "isRoot": false,
            "uuid": "2429cad3-52e1-4f42-aed3-1b3152aba7c3",
            "parentUUID": "5f3ba6a7-7fe5-4c67-9653-ad975e9e5cc6",
            "skipped": false
          },
          {
            "title": "should add and delete Review 999",
            "fullTitle": "Reviews API unit tests should add and delete Review 999",
            "timedOut": false,
            "duration": 0,
            "state": "failed",
            "pass": false,
            "fail": true,
            "pending": false,
            "code": "// post to /api/reviews\n// calling home page api\nvar superserver = (0, _supertest2.default)(_server.server);\nsuperserver.get(\"/api/reviews\").expect(\"Content-type\", /json/).expect(200) // This is HTTP response\n.end(function (err, res) {\n  var id = res.body[0]._id;\n  superserver.put(\"/api/reviews/\" + id).send({ title: \"Review 999\", link: \"Review\", username: \"TiggerLady\" }).expect(\"Content-type\", /json/).expect(200) // This is HTTP response\n  .end(function (err, res) {\n    superserver.delete(\"/api/reviews/\" + id).expect(\"Content-type\", /json/).expect(200) // THis is HTTP response\n    .end(function (err, res) {\n      res.body._id.should.equal(id);\n      res.body.title.should.equal(\"Review 999\");\n      done();\n    });\n  });\n});",
            "err": {
              "uncaught": true,
              "estack": "TypeError: Cannot read property '_id' of undefined\n    at Test.<anonymous> (C:/Users/ellingworthl/Documents/MASTERS_WIT/EWD_Assign2_WebAPI/test/testReviewsApi.js:72:20)\n    at Test.assert (node_modules\\supertest\\lib\\test.js:179:6)\n    at Server.assert (node_modules\\supertest\\lib\\test.js:131:12)\n    at emitCloseNT (net.js:1555:8)\n    at _combinedTickCallback (internal/process/next_tick.js:71:11)\n    at process._tickCallback (internal/process/next_tick.js:98:9)"
            },
            "isRoot": false,
            "uuid": "8fc22783-65e6-4bd9-8282-ad84a2e987be",
            "parentUUID": "5f3ba6a7-7fe5-4c67-9653-ad975e9e5cc6",
            "skipped": false
          }
        ],
        "pending": [],
        "root": false,
        "_timeout": 120000,
        "file": "\\test\\testReviewsApi.js",
        "uuid": "5f3ba6a7-7fe5-4c67-9653-ad975e9e5cc6",
        "fullFile": "C:\\Users\\ellingworthl\\Documents\\MASTERS_WIT\\EWD_Assign2_WebAPI\\test\\testReviewsApi.js",
        "passes": [
          {
            "title": "should return collection of JSON documents",
            "fullTitle": "Reviews API unit tests should return collection of JSON documents",
            "timedOut": false,
            "duration": 43,
            "state": "passed",
            "speed": "medium",
            "pass": true,
            "fail": false,
            "pending": false,
            "code": "// calling home page api\n    (0, _supertest2.default)(_server.server).get(\"/api/reviews\").expect(\"Content-type\", /json/).expect(200) // This is HTTP response\n    .end(function (err, res) {\n      // HTTP status should be 200\n      res.status.should.equal(200);\n      done();\n    });",
            "err": {},
            "isRoot": false,
            "uuid": "f498be0b-a94d-4b0d-8144-eb5335768f1f",
            "parentUUID": "5f3ba6a7-7fe5-4c67-9653-ad975e9e5cc6",
            "skipped": false
          },
          {
            "title": "should add a review",
            "fullTitle": "Reviews API unit tests should add a review",
            "timedOut": false,
            "duration": 24,
            "state": "passed",
            "speed": "fast",
            "pass": true,
            "fail": false,
            "pending": false,
            "code": "(0, _supertest2.default)(_server.server).post('/api/reviews').send({ title: \"Test Review\", link: \"https://github.com/ellingworthl/EWD_Assign2_WebAPI\", username: \"TiggerLady\" }).expect(\"Content-type\", /json/).expect(201).end(function (err, res) {\n  res.status.should.equal(201);\n  res.body.review.should.have.property('_id');\n  res.body.review.username.should.equal('TiggerLady');\n  done();\n});",
            "err": {},
            "isRoot": false,
            "uuid": "40593574-7647-472f-a4f7-dfd7ce756031",
            "parentUUID": "5f3ba6a7-7fe5-4c67-9653-ad975e9e5cc6",
            "skipped": false
          }
        ],
        "failures": [
          {
            "title": "should delete review",
            "fullTitle": "Reviews API unit tests should delete review",
            "timedOut": false,
            "duration": 0,
            "state": "failed",
            "pass": false,
            "fail": true,
            "pending": false,
            "code": "var superserver = (0, _supertest2.default)(_server.server);\nsuperserver.get(\"/api/reviews\").expect(\"Content-type\", /json/).expect(200) // This is HTTP response\n.end(function (err, res) {\n  var id = res.body[0]._id;\n  superserver.delete(\"/api/reviews/\" + id).expect(\"Content-type\", /json/).expect(200) // This is HTTP response\n  .end(function (err, res) {\n    res.body._id.should.equal(id);\n    res.body.should.have.property(\"username\");\n    done();\n  });\n});",
            "err": {
              "uncaught": true,
              "estack": "TypeError: Cannot read property '_id' of undefined\n    at Test.<anonymous> (C:/Users/ellingworthl/Documents/MASTERS_WIT/EWD_Assign2_WebAPI/test/testReviewsApi.js:47:18)\n    at Test.assert (node_modules\\supertest\\lib\\test.js:179:6)\n    at Server.assert (node_modules\\supertest\\lib\\test.js:131:12)\n    at emitCloseNT (net.js:1555:8)\n    at _combinedTickCallback (internal/process/next_tick.js:71:11)\n    at process._tickCallback (internal/process/next_tick.js:98:9)"
            },
            "isRoot": false,
            "uuid": "2429cad3-52e1-4f42-aed3-1b3152aba7c3",
            "parentUUID": "5f3ba6a7-7fe5-4c67-9653-ad975e9e5cc6",
            "skipped": false
          },
          {
            "title": "should add and delete Review 999",
            "fullTitle": "Reviews API unit tests should add and delete Review 999",
            "timedOut": false,
            "duration": 0,
            "state": "failed",
            "pass": false,
            "fail": true,
            "pending": false,
            "code": "// post to /api/reviews\n// calling home page api\nvar superserver = (0, _supertest2.default)(_server.server);\nsuperserver.get(\"/api/reviews\").expect(\"Content-type\", /json/).expect(200) // This is HTTP response\n.end(function (err, res) {\n  var id = res.body[0]._id;\n  superserver.put(\"/api/reviews/\" + id).send({ title: \"Review 999\", link: \"Review\", username: \"TiggerLady\" }).expect(\"Content-type\", /json/).expect(200) // This is HTTP response\n  .end(function (err, res) {\n    superserver.delete(\"/api/reviews/\" + id).expect(\"Content-type\", /json/).expect(200) // THis is HTTP response\n    .end(function (err, res) {\n      res.body._id.should.equal(id);\n      res.body.title.should.equal(\"Review 999\");\n      done();\n    });\n  });\n});",
            "err": {
              "uncaught": true,
              "estack": "TypeError: Cannot read property '_id' of undefined\n    at Test.<anonymous> (C:/Users/ellingworthl/Documents/MASTERS_WIT/EWD_Assign2_WebAPI/test/testReviewsApi.js:72:20)\n    at Test.assert (node_modules\\supertest\\lib\\test.js:179:6)\n    at Server.assert (node_modules\\supertest\\lib\\test.js:131:12)\n    at emitCloseNT (net.js:1555:8)\n    at _combinedTickCallback (internal/process/next_tick.js:71:11)\n    at process._tickCallback (internal/process/next_tick.js:98:9)"
            },
            "isRoot": false,
            "uuid": "8fc22783-65e6-4bd9-8282-ad84a2e987be",
            "parentUUID": "5f3ba6a7-7fe5-4c67-9653-ad975e9e5cc6",
            "skipped": false
          }
        ],
        "skipped": [],
        "hasTests": true,
        "hasSuites": false,
        "totalTests": 4,
        "totalPasses": 2,
        "totalFailures": 2,
        "totalPending": 0,
        "totalSkipped": 0,
        "hasPasses": true,
        "hasFailures": true,
        "hasPending": false,
        "hasSkipped": false,
        "duration": 67,
        "rootEmpty": false
      },
      {
        "title": "Venues API unit tests",
        "suites": [],
        "tests": [
          {
            "title": "should return collection of JSON documents",
            "fullTitle": "Venues API unit tests should return collection of JSON documents",
            "timedOut": false,
            "duration": 15,
            "state": "passed",
            "speed": "fast",
            "pass": true,
            "fail": false,
            "pending": false,
            "code": "// calling home page api\n    (0, _supertest2.default)(_server.server).get(\"/api/venues\").expect(\"Content-type\", /json/).expect(200) // This is HTTP response\n    .end(function (err, res) {\n      // HTTP status should be 200\n      res.status.should.equal(200);\n      done();\n    });",
            "err": {},
            "isRoot": false,
            "uuid": "b8f5bf0b-7012-4e69-8036-e4b5d5684633",
            "parentUUID": "9190e86c-ecd4-4ab8-8678-444c0e56248f",
            "skipped": false
          },
          {
            "title": "should add a venue",
            "fullTitle": "Venues API unit tests should add a venue",
            "timedOut": false,
            "duration": 12,
            "state": "passed",
            "speed": "fast",
            "pass": true,
            "fail": false,
            "pending": false,
            "code": "(0, _supertest2.default)(_server.server).post('/api/venues').send({ id: \"001\", name: \"Test Venue\", town: \"Test Town\", county: \"Test County\", phoneno: \"Test Ph #\", imageUrl: \"Test Image URL\" }).expect(\"Content-type\", /json/).expect(201).end(function (err, res) {\n  res.status.should.equal(201);\n  res.body.venue.should.have.property('_id');\n  res.body.venue.town.should.equal('Test Town');\n  done();\n});",
            "err": {},
            "isRoot": false,
            "uuid": "857b0696-6b32-4ea3-b30c-b9b9e2a40e2d",
            "parentUUID": "9190e86c-ecd4-4ab8-8678-444c0e56248f",
            "skipped": false
          },
          {
            "title": "should delete venue",
            "fullTitle": "Venues API unit tests should delete venue",
            "timedOut": false,
            "duration": 0,
            "state": "failed",
            "pass": false,
            "fail": true,
            "pending": false,
            "code": "var superserver = (0, _supertest2.default)(_server.server);\nsuperserver.get(\"/api/venues\").expect(\"Content-type\", /json/).expect(200) // This is HTTP response\n.end(function (err, res) {\n  var id = res.body[0]._id;\n  superserver.delete(\"/api/venues/\" + id).expect(\"Content-type\", /json/).expect(200) // This is HTTP response\n  .end(function (err, res) {\n    res.body._id.should.equal(id);\n    res.body.should.have.property(\"town\");\n    done();\n  });\n});",
            "err": {
              "uncaught": true,
              "estack": "TypeError: Cannot read property '_id' of undefined\n    at Test.<anonymous> (C:/Users/ellingworthl/Documents/MASTERS_WIT/EWD_Assign2_WebAPI/test/testVenuesApi.js:47:18)\n    at Test.assert (node_modules\\supertest\\lib\\test.js:179:6)\n    at Server.assert (node_modules\\supertest\\lib\\test.js:131:12)\n    at emitCloseNT (net.js:1555:8)\n    at _combinedTickCallback (internal/process/next_tick.js:71:11)\n    at process._tickCallback (internal/process/next_tick.js:98:9)"
            },
            "isRoot": false,
            "uuid": "801d2702-7fac-4c73-995f-058c568414f3",
            "parentUUID": "9190e86c-ecd4-4ab8-8678-444c0e56248f",
            "skipped": false
          },
          {
            "title": "should add and delete Venue 999",
            "fullTitle": "Venues API unit tests should add and delete Venue 999",
            "timedOut": false,
            "duration": 0,
            "state": "failed",
            "pass": false,
            "fail": true,
            "pending": false,
            "code": "// post to /api/venue\n// calling home page api\nvar superserver = (0, _supertest2.default)(_server.server);\nsuperserver.get(\"/api/venues\").expect(\"Content-type\", /json/).expect(200) // This is HTTP response\n.end(function (err, res) {\n  var id = res.body[0]._id;\n  superserver.put(\"/api/venues/\" + id).send({ id: \"001\", name: \"Venue 999\", town: \"999 Town\", county: \"999 County\", phoneno: \"999 Ph #\", imageUrl: \"999 Image URL\" }).expect(\"Content-type\", /json/).expect(200) // This is HTTP response\n  .end(function (err, res) {\n    superserver.delete(\"/api/venues/\" + id).expect(\"Content-type\", /json/).expect(200) // This is HTTP response\n    .end(function (err, res) {\n      res.body._id.should.equal(id);\n      res.body.name.should.equal(\"Venue 999\");\n      done();\n    });\n  });\n});",
            "err": {
              "uncaught": true,
              "estack": "TypeError: Cannot read property '_id' of undefined\n    at Test.<anonymous> (C:/Users/ellingworthl/Documents/MASTERS_WIT/EWD_Assign2_WebAPI/test/testVenuesApi.js:72:20)\n    at Test.assert (node_modules\\supertest\\lib\\test.js:179:6)\n    at Server.assert (node_modules\\supertest\\lib\\test.js:131:12)\n    at emitCloseNT (net.js:1555:8)\n    at _combinedTickCallback (internal/process/next_tick.js:71:11)\n    at process._tickCallback (internal/process/next_tick.js:98:9)"
            },
            "isRoot": false,
            "uuid": "2bb1023f-a228-496d-959d-6b096949936b",
            "parentUUID": "9190e86c-ecd4-4ab8-8678-444c0e56248f",
            "skipped": false
          }
        ],
        "pending": [],
        "root": false,
        "_timeout": 120000,
        "file": "\\test\\testVenuesApi.js",
        "uuid": "9190e86c-ecd4-4ab8-8678-444c0e56248f",
        "fullFile": "C:\\Users\\ellingworthl\\Documents\\MASTERS_WIT\\EWD_Assign2_WebAPI\\test\\testVenuesApi.js",
        "passes": [
          {
            "title": "should return collection of JSON documents",
            "fullTitle": "Venues API unit tests should return collection of JSON documents",
            "timedOut": false,
            "duration": 15,
            "state": "passed",
            "speed": "fast",
            "pass": true,
            "fail": false,
            "pending": false,
            "code": "// calling home page api\n    (0, _supertest2.default)(_server.server).get(\"/api/venues\").expect(\"Content-type\", /json/).expect(200) // This is HTTP response\n    .end(function (err, res) {\n      // HTTP status should be 200\n      res.status.should.equal(200);\n      done();\n    });",
            "err": {},
            "isRoot": false,
            "uuid": "b8f5bf0b-7012-4e69-8036-e4b5d5684633",
            "parentUUID": "9190e86c-ecd4-4ab8-8678-444c0e56248f",
            "skipped": false
          },
          {
            "title": "should add a venue",
            "fullTitle": "Venues API unit tests should add a venue",
            "timedOut": false,
            "duration": 12,
            "state": "passed",
            "speed": "fast",
            "pass": true,
            "fail": false,
            "pending": false,
            "code": "(0, _supertest2.default)(_server.server).post('/api/venues').send({ id: \"001\", name: \"Test Venue\", town: \"Test Town\", county: \"Test County\", phoneno: \"Test Ph #\", imageUrl: \"Test Image URL\" }).expect(\"Content-type\", /json/).expect(201).end(function (err, res) {\n  res.status.should.equal(201);\n  res.body.venue.should.have.property('_id');\n  res.body.venue.town.should.equal('Test Town');\n  done();\n});",
            "err": {},
            "isRoot": false,
            "uuid": "857b0696-6b32-4ea3-b30c-b9b9e2a40e2d",
            "parentUUID": "9190e86c-ecd4-4ab8-8678-444c0e56248f",
            "skipped": false
          }
        ],
        "failures": [
          {
            "title": "should delete venue",
            "fullTitle": "Venues API unit tests should delete venue",
            "timedOut": false,
            "duration": 0,
            "state": "failed",
            "pass": false,
            "fail": true,
            "pending": false,
            "code": "var superserver = (0, _supertest2.default)(_server.server);\nsuperserver.get(\"/api/venues\").expect(\"Content-type\", /json/).expect(200) // This is HTTP response\n.end(function (err, res) {\n  var id = res.body[0]._id;\n  superserver.delete(\"/api/venues/\" + id).expect(\"Content-type\", /json/).expect(200) // This is HTTP response\n  .end(function (err, res) {\n    res.body._id.should.equal(id);\n    res.body.should.have.property(\"town\");\n    done();\n  });\n});",
            "err": {
              "uncaught": true,
              "estack": "TypeError: Cannot read property '_id' of undefined\n    at Test.<anonymous> (C:/Users/ellingworthl/Documents/MASTERS_WIT/EWD_Assign2_WebAPI/test/testVenuesApi.js:47:18)\n    at Test.assert (node_modules\\supertest\\lib\\test.js:179:6)\n    at Server.assert (node_modules\\supertest\\lib\\test.js:131:12)\n    at emitCloseNT (net.js:1555:8)\n    at _combinedTickCallback (internal/process/next_tick.js:71:11)\n    at process._tickCallback (internal/process/next_tick.js:98:9)"
            },
            "isRoot": false,
            "uuid": "801d2702-7fac-4c73-995f-058c568414f3",
            "parentUUID": "9190e86c-ecd4-4ab8-8678-444c0e56248f",
            "skipped": false
          },
          {
            "title": "should add and delete Venue 999",
            "fullTitle": "Venues API unit tests should add and delete Venue 999",
            "timedOut": false,
            "duration": 0,
            "state": "failed",
            "pass": false,
            "fail": true,
            "pending": false,
            "code": "// post to /api/venue\n// calling home page api\nvar superserver = (0, _supertest2.default)(_server.server);\nsuperserver.get(\"/api/venues\").expect(\"Content-type\", /json/).expect(200) // This is HTTP response\n.end(function (err, res) {\n  var id = res.body[0]._id;\n  superserver.put(\"/api/venues/\" + id).send({ id: \"001\", name: \"Venue 999\", town: \"999 Town\", county: \"999 County\", phoneno: \"999 Ph #\", imageUrl: \"999 Image URL\" }).expect(\"Content-type\", /json/).expect(200) // This is HTTP response\n  .end(function (err, res) {\n    superserver.delete(\"/api/venues/\" + id).expect(\"Content-type\", /json/).expect(200) // This is HTTP response\n    .end(function (err, res) {\n      res.body._id.should.equal(id);\n      res.body.name.should.equal(\"Venue 999\");\n      done();\n    });\n  });\n});",
            "err": {
              "uncaught": true,
              "estack": "TypeError: Cannot read property '_id' of undefined\n    at Test.<anonymous> (C:/Users/ellingworthl/Documents/MASTERS_WIT/EWD_Assign2_WebAPI/test/testVenuesApi.js:72:20)\n    at Test.assert (node_modules\\supertest\\lib\\test.js:179:6)\n    at Server.assert (node_modules\\supertest\\lib\\test.js:131:12)\n    at emitCloseNT (net.js:1555:8)\n    at _combinedTickCallback (internal/process/next_tick.js:71:11)\n    at process._tickCallback (internal/process/next_tick.js:98:9)"
            },
            "isRoot": false,
            "uuid": "2bb1023f-a228-496d-959d-6b096949936b",
            "parentUUID": "9190e86c-ecd4-4ab8-8678-444c0e56248f",
            "skipped": false
          }
        ],
        "skipped": [],
        "hasTests": true,
        "hasSuites": false,
        "totalTests": 4,
        "totalPasses": 2,
        "totalFailures": 2,
        "totalPending": 0,
        "totalSkipped": 0,
        "hasPasses": true,
        "hasFailures": true,
        "hasPending": false,
        "hasSkipped": false,
        "duration": 27,
        "rootEmpty": false
      }
    ],
    "tests": [],
    "pending": [],
    "root": true,
    "_timeout": 2000,
    "uuid": "1169554d-d3c4-454d-9672-95a58a78e64b",
    "fullFile": "",
    "file": "",
    "passes": [],
    "failures": [],
    "skipped": [],
    "hasTests": false,
    "hasSuites": true,
    "totalTests": 0,
    "totalPasses": 0,
    "totalFailures": 0,
    "totalPending": 0,
    "totalSkipped": 0,
    "hasPasses": false,
    "hasFailures": false,
    "hasPending": false,
    "hasSkipped": false,
    "duration": 0,
    "rootEmpty": true
  },
  "allTests": [
    {
      "title": "should return collection of JSON documents",
      "fullTitle": "Details API unit tests should return collection of JSON documents",
      "timedOut": false,
      "duration": 0,
      "state": "failed",
      "pass": false,
      "fail": true,
      "pending": false,
      "code": "// calling home page api\n    (0, _supertest2.default)(_server.server).get(\"/api/details\").expect(\"Content-type\", /json/).expect(200) // This is HTTP response\n    .end(function (err, res) {\n      // HTTP status should be 200\n      res.status.should.equal(200);\n      done();\n    });",
      "err": {
        "operator": "to be",
        "expected": "200",
        "showDiff": true,
        "actual": "404",
        "negate": false,
        "assertion": {
          "obj": 404,
          "anyOne": false,
          "negate": false,
          "params": {
            "operator": "to be",
            "expected": 200,
            "showDiff": true,
            "actual": 404,
            "negate": false,
            "assertion": "[Circular ~.allTests.0.err.assertion]"
          },
          "light": false
        },
        "_message": "expected 404 to be 200",
        "generatedMessage": true,
        "uncaught": true,
        "estack": "AssertionError: expected 404 to be 200\n    at Assertion.fail (node_modules\\should\\cjs\\should.js:258:17)\n    at Assertion.value (node_modules\\should\\cjs\\should.js:335:19)\n    at Test.<anonymous> (C:/Users/ellingworthl/Documents/MASTERS_WIT/EWD_Assign2_WebAPI/test/testDetailsApi.js:19:25)\n    at Test.assert (node_modules\\supertest\\lib\\test.js:179:6)\n    at Server.assert (node_modules\\supertest\\lib\\test.js:131:12)\n    at emitCloseNT (net.js:1555:8)\n    at _combinedTickCallback (internal/process/next_tick.js:71:11)\n    at process._tickCallback (internal/process/next_tick.js:98:9)",
        "diff": "- 404\n+ 200\n"
      },
      "isRoot": false,
      "uuid": "b1cc146d-fc23-41b6-b548-6fd2a9e2fe36",
      "parentUUID": "ef6aa25a-c497-4933-85b1-dc59cd2089f9",
      "skipped": false
    },
    {
      "title": "should add a venue detail",
      "fullTitle": "Details API unit tests should add a venue detail",
      "timedOut": false,
      "duration": 0,
      "state": "failed",
      "pass": false,
      "fail": true,
      "pending": false,
      "code": "(0, _supertest2.default)(_server.server).post('/api/details').send({ id: \"001\", name: \"Test Venue\", description: \"Test Discription\", type: \"Test Type\", link: \"Test URL\", association: \"Test association\", parking: \"Test parking\", toilet: \"Test W/C\", refreshments: \"Test refreshments\", other: \"Test Other\", directions: \"Test directions URL\", images: \"Test Image0\", images1: \"Test Image1\" }).expect(\"Content-type\", /json/).expect(201).end(function (err, res) {\n  res.status.should.equal(201);\n  res.body.details.should.have.property('_id');\n  res.body.details.description.should.equal('Test Discription');\n  done();\n});",
      "err": {
        "operator": "to be",
        "expected": "201",
        "showDiff": true,
        "actual": "404",
        "negate": false,
        "assertion": {
          "obj": 404,
          "anyOne": false,
          "negate": false,
          "params": {
            "operator": "to be",
            "expected": 201,
            "showDiff": true,
            "actual": 404,
            "negate": false,
            "assertion": "[Circular ~.allTests.1.err.assertion]"
          },
          "light": false
        },
        "_message": "expected 404 to be 201",
        "generatedMessage": true,
        "uncaught": true,
        "estack": "AssertionError: expected 404 to be 201\n    at Assertion.fail (node_modules\\should\\cjs\\should.js:258:17)\n    at Assertion.value (node_modules\\should\\cjs\\should.js:335:19)\n    at Test.<anonymous> (C:/Users/ellingworthl/Documents/MASTERS_WIT/EWD_Assign2_WebAPI/test/testDetailsApi.js:32:25)\n    at Test.assert (node_modules\\supertest\\lib\\test.js:179:6)\n    at Server.assert (node_modules\\supertest\\lib\\test.js:131:12)\n    at emitCloseNT (net.js:1555:8)\n    at _combinedTickCallback (internal/process/next_tick.js:71:11)\n    at process._tickCallback (internal/process/next_tick.js:98:9)",
        "diff": "- 404\n+ 201\n"
      },
      "isRoot": false,
      "uuid": "78399335-4ea1-4448-b5de-272a8cb71fbd",
      "parentUUID": "ef6aa25a-c497-4933-85b1-dc59cd2089f9",
      "skipped": false
    },
    {
      "title": "should delete venue",
      "fullTitle": "Details API unit tests should delete venue",
      "timedOut": false,
      "duration": 0,
      "state": "failed",
      "pass": false,
      "fail": true,
      "pending": false,
      "code": "var superserver = (0, _supertest2.default)(_server.server);\nsuperserver.get(\"/api/details\").expect(\"Content-type\", /json/).expect(200) // This is HTTP response\n.end(function (err, res) {\n  var id = res.body[0]._id;\n  superserver.delete(\"/api/details/\" + id).expect(\"Content-type\", /json/).expect(200) // This is HTTP response\n  .end(function (err, res) {\n    res.body._id.should.equal(id);\n    res.body.should.have.property(\"description\");\n    done();\n  });\n});",
      "err": {
        "uncaught": true,
        "estack": "TypeError: Cannot read property '_id' of undefined\n    at Test.<anonymous> (C:/Users/ellingworthl/Documents/MASTERS_WIT/EWD_Assign2_WebAPI/test/testDetailsApi.js:47:18)\n    at Test.assert (node_modules\\supertest\\lib\\test.js:179:6)\n    at Server.assert (node_modules\\supertest\\lib\\test.js:131:12)\n    at emitCloseNT (net.js:1555:8)\n    at _combinedTickCallback (internal/process/next_tick.js:71:11)\n    at process._tickCallback (internal/process/next_tick.js:98:9)"
      },
      "isRoot": false,
      "uuid": "6078784f-45dc-4c82-9fb2-06b4d95d8257",
      "parentUUID": "ef6aa25a-c497-4933-85b1-dc59cd2089f9",
      "skipped": false
    },
    {
      "title": "should add and delete Venue Detail 999",
      "fullTitle": "Details API unit tests should add and delete Venue Detail 999",
      "timedOut": false,
      "duration": 0,
      "state": "failed",
      "pass": false,
      "fail": true,
      "pending": false,
      "code": "// post to /api/details\n// calling home page api\nvar superserver = (0, _supertest2.default)(_server.server);\nsuperserver.get(\"/api/details\").expect(\"Content-type\", /json/).expect(200) // This is HTTP response\n.end(function (err, res) {\n  var id = res.body[0]._id;\n  superserver.put(\"/api/details/\" + id).send({ id: \"001\", name: \"999 Venue\", description: \"999 Discription\", type: \"999 Type\", link: \"999 URL\", association: \"999 association\", parking: \"999 parking\", toilet: \"999 W/C\", refreshments: \"999 refreshments\", other: \"999 Other\", directions: \"999 directions URL\", images: \"999 Image0\", images1: \"999 Image1\" }).expect(\"Content-type\", /json/).expect(200) // This is HTTP response\n  .end(function (err, res) {\n    superserver.delete(\"/api/details/\" + id).expect(\"Content-type\", /json/).expect(200) // This is HTTP response\n    .end(function (err, res) {\n      res.body._id.should.equal(id);\n      res.body.name.should.equal(\"Venue 999\");\n      done();\n    });\n  });\n});",
      "err": {
        "uncaught": true,
        "estack": "TypeError: Cannot read property '_id' of undefined\n    at Test.<anonymous> (C:/Users/ellingworthl/Documents/MASTERS_WIT/EWD_Assign2_WebAPI/test/testDetailsApi.js:72:20)\n    at Test.assert (node_modules\\supertest\\lib\\test.js:179:6)\n    at Server.assert (node_modules\\supertest\\lib\\test.js:131:12)\n    at emitCloseNT (net.js:1555:8)\n    at _combinedTickCallback (internal/process/next_tick.js:71:11)\n    at process._tickCallback (internal/process/next_tick.js:98:9)"
      },
      "isRoot": false,
      "uuid": "c13db5ce-206b-4f86-8934-c7265293b03f",
      "parentUUID": "ef6aa25a-c497-4933-85b1-dc59cd2089f9",
      "skipped": false
    },
    {
      "title": "should return collection of JSON documents",
      "fullTitle": "Events API unit tests should return collection of JSON documents",
      "timedOut": false,
      "duration": 57,
      "state": "passed",
      "speed": "medium",
      "pass": true,
      "fail": false,
      "pending": false,
      "code": "// calling home page api\n    (0, _supertest2.default)(_server.server).get(\"/api/Events\").expect(\"Content-type\", /json/).expect(200) // This is HTTP response\n    .end(function (err, res) {\n      // HTTP status should be 200\n      res.status.should.equal(200);\n      done();\n    });",
      "err": {},
      "isRoot": false,
      "uuid": "abcda4ed-44f0-4417-90d1-d8fc1fe6ca32",
      "parentUUID": "e9087000-92f4-422a-bb63-6afc9dbdc58a",
      "skipped": false
    },
    {
      "title": "should add an event",
      "fullTitle": "Events API unit tests should add an event",
      "timedOut": false,
      "duration": 34,
      "state": "passed",
      "speed": "fast",
      "pass": true,
      "fail": false,
      "pending": false,
      "code": "(0, _supertest2.default)(_server.server).post('/api/Events').send({ round: \"Test Round\", venue: \"Test Venue\", date: \"2017/07/01\" }).expect(\"Content-type\", /json/).expect(201).end(function (err, res) {\n  res.status.should.equal(201);\n  res.body.event.should.have.property('round');\n  res.body.event.round.should.equal('Test Round');\n  done();\n});",
      "err": {},
      "isRoot": false,
      "uuid": "8f076230-eb73-4531-bcd7-8f2919eba11a",
      "parentUUID": "e9087000-92f4-422a-bb63-6afc9dbdc58a",
      "skipped": false
    },
    {
      "title": "should delete event",
      "fullTitle": "Events API unit tests should delete event",
      "timedOut": false,
      "duration": 0,
      "state": "failed",
      "pass": false,
      "fail": true,
      "pending": false,
      "code": "var superserver = (0, _supertest2.default)(_server.server);\nsuperserver.get(\"/api/Events\").expect(\"Content-type\", /json/).expect(200) // This is HTTP response\n.end(function (err, res) {\n  var id = res.body[0]._id;\n  superserver.delete(\"/api/Events/\" + id).expect(\"Content-type\", /json/).expect(200) // This is HTTP response\n  .end(function (err, res) {\n    res.body._id.should.equal(id);\n    res.body.should.have.property(\"round\");\n    done();\n  });\n});",
      "err": {
        "uncaught": true,
        "estack": "TypeError: Cannot read property '_id' of undefined\n    at Test.<anonymous> (C:/Users/ellingworthl/Documents/MASTERS_WIT/EWD_Assign2_WebAPI/test/testEventsApi.js:50:18)\n    at Test.assert (node_modules\\supertest\\lib\\test.js:179:6)\n    at Server.assert (node_modules\\supertest\\lib\\test.js:131:12)\n    at emitCloseNT (net.js:1555:8)\n    at _combinedTickCallback (internal/process/next_tick.js:71:11)\n    at process._tickCallback (internal/process/next_tick.js:98:9)"
      },
      "isRoot": false,
      "uuid": "eac91488-38a9-4de6-8a62-e9aaae9ca82f",
      "parentUUID": "e9087000-92f4-422a-bb63-6afc9dbdc58a",
      "skipped": false
    },
    {
      "title": "should add and delete Event 999",
      "fullTitle": "Events API unit tests should add and delete Event 999",
      "timedOut": false,
      "duration": 0,
      "state": "failed",
      "pass": false,
      "fail": true,
      "pending": false,
      "code": "// post to /api/Events\n// calling home page api\nvar superserver = (0, _supertest2.default)(_server.server);\nsuperserver.get(\"/api/Events\").expect(\"Content-type\", /json/).expect(200) // This is HTTP response\n.end(function (err, res) {\n  var id = res.body[0]._id;\n  superserver.put(\"/api/Events/\" + id).send({ round: \"999 Round\", venue: \"999 Venue\", date: \"999 Date\" }).expect(\"Content-type\", /json/).expect(200) // This is HTTP response\n  .end(function (err, res) {\n    superserver.delete(\"/api/Events/\" + id).expect(\"Content-type\", /json/).expect(200) // This is HTTP response\n    .end(function (err, res) {\n      res.body._id.should.equal(id);\n      res.body.round.should.equal(\"Round 999\");\n      done();\n    });\n  });\n});",
      "err": {
        "uncaught": true,
        "estack": "TypeError: Cannot read property '_id' of undefined\n    at Test.<anonymous> (C:/Users/ellingworthl/Documents/MASTERS_WIT/EWD_Assign2_WebAPI/test/testEventsApi.js:75:20)\n    at Test.assert (node_modules\\supertest\\lib\\test.js:179:6)\n    at Server.assert (node_modules\\supertest\\lib\\test.js:131:12)\n    at emitCloseNT (net.js:1555:8)\n    at _combinedTickCallback (internal/process/next_tick.js:71:11)\n    at process._tickCallback (internal/process/next_tick.js:98:9)"
      },
      "isRoot": false,
      "uuid": "ad0f5770-f7f8-4952-a70c-ea3540b8c640",
      "parentUUID": "e9087000-92f4-422a-bb63-6afc9dbdc58a",
      "skipped": false
    },
    {
      "title": "should return collection of JSON documents",
      "fullTitle": "Reviews API unit tests should return collection of JSON documents",
      "timedOut": false,
      "duration": 43,
      "state": "passed",
      "speed": "medium",
      "pass": true,
      "fail": false,
      "pending": false,
      "code": "// calling home page api\n    (0, _supertest2.default)(_server.server).get(\"/api/reviews\").expect(\"Content-type\", /json/).expect(200) // This is HTTP response\n    .end(function (err, res) {\n      // HTTP status should be 200\n      res.status.should.equal(200);\n      done();\n    });",
      "err": {},
      "isRoot": false,
      "uuid": "f498be0b-a94d-4b0d-8144-eb5335768f1f",
      "parentUUID": "5f3ba6a7-7fe5-4c67-9653-ad975e9e5cc6",
      "skipped": false
    },
    {
      "title": "should add a review",
      "fullTitle": "Reviews API unit tests should add a review",
      "timedOut": false,
      "duration": 24,
      "state": "passed",
      "speed": "fast",
      "pass": true,
      "fail": false,
      "pending": false,
      "code": "(0, _supertest2.default)(_server.server).post('/api/reviews').send({ title: \"Test Review\", link: \"https://github.com/ellingworthl/EWD_Assign2_WebAPI\", username: \"TiggerLady\" }).expect(\"Content-type\", /json/).expect(201).end(function (err, res) {\n  res.status.should.equal(201);\n  res.body.review.should.have.property('_id');\n  res.body.review.username.should.equal('TiggerLady');\n  done();\n});",
      "err": {},
      "isRoot": false,
      "uuid": "40593574-7647-472f-a4f7-dfd7ce756031",
      "parentUUID": "5f3ba6a7-7fe5-4c67-9653-ad975e9e5cc6",
      "skipped": false
    },
    {
      "title": "should delete review",
      "fullTitle": "Reviews API unit tests should delete review",
      "timedOut": false,
      "duration": 0,
      "state": "failed",
      "pass": false,
      "fail": true,
      "pending": false,
      "code": "var superserver = (0, _supertest2.default)(_server.server);\nsuperserver.get(\"/api/reviews\").expect(\"Content-type\", /json/).expect(200) // This is HTTP response\n.end(function (err, res) {\n  var id = res.body[0]._id;\n  superserver.delete(\"/api/reviews/\" + id).expect(\"Content-type\", /json/).expect(200) // This is HTTP response\n  .end(function (err, res) {\n    res.body._id.should.equal(id);\n    res.body.should.have.property(\"username\");\n    done();\n  });\n});",
      "err": {
        "uncaught": true,
        "estack": "TypeError: Cannot read property '_id' of undefined\n    at Test.<anonymous> (C:/Users/ellingworthl/Documents/MASTERS_WIT/EWD_Assign2_WebAPI/test/testReviewsApi.js:47:18)\n    at Test.assert (node_modules\\supertest\\lib\\test.js:179:6)\n    at Server.assert (node_modules\\supertest\\lib\\test.js:131:12)\n    at emitCloseNT (net.js:1555:8)\n    at _combinedTickCallback (internal/process/next_tick.js:71:11)\n    at process._tickCallback (internal/process/next_tick.js:98:9)"
      },
      "isRoot": false,
      "uuid": "2429cad3-52e1-4f42-aed3-1b3152aba7c3",
      "parentUUID": "5f3ba6a7-7fe5-4c67-9653-ad975e9e5cc6",
      "skipped": false
    },
    {
      "title": "should add and delete Review 999",
      "fullTitle": "Reviews API unit tests should add and delete Review 999",
      "timedOut": false,
      "duration": 0,
      "state": "failed",
      "pass": false,
      "fail": true,
      "pending": false,
      "code": "// post to /api/reviews\n// calling home page api\nvar superserver = (0, _supertest2.default)(_server.server);\nsuperserver.get(\"/api/reviews\").expect(\"Content-type\", /json/).expect(200) // This is HTTP response\n.end(function (err, res) {\n  var id = res.body[0]._id;\n  superserver.put(\"/api/reviews/\" + id).send({ title: \"Review 999\", link: \"Review\", username: \"TiggerLady\" }).expect(\"Content-type\", /json/).expect(200) // This is HTTP response\n  .end(function (err, res) {\n    superserver.delete(\"/api/reviews/\" + id).expect(\"Content-type\", /json/).expect(200) // THis is HTTP response\n    .end(function (err, res) {\n      res.body._id.should.equal(id);\n      res.body.title.should.equal(\"Review 999\");\n      done();\n    });\n  });\n});",
      "err": {
        "uncaught": true,
        "estack": "TypeError: Cannot read property '_id' of undefined\n    at Test.<anonymous> (C:/Users/ellingworthl/Documents/MASTERS_WIT/EWD_Assign2_WebAPI/test/testReviewsApi.js:72:20)\n    at Test.assert (node_modules\\supertest\\lib\\test.js:179:6)\n    at Server.assert (node_modules\\supertest\\lib\\test.js:131:12)\n    at emitCloseNT (net.js:1555:8)\n    at _combinedTickCallback (internal/process/next_tick.js:71:11)\n    at process._tickCallback (internal/process/next_tick.js:98:9)"
      },
      "isRoot": false,
      "uuid": "8fc22783-65e6-4bd9-8282-ad84a2e987be",
      "parentUUID": "5f3ba6a7-7fe5-4c67-9653-ad975e9e5cc6",
      "skipped": false
    },
    {
      "title": "should return collection of JSON documents",
      "fullTitle": "Venues API unit tests should return collection of JSON documents",
      "timedOut": false,
      "duration": 15,
      "state": "passed",
      "speed": "fast",
      "pass": true,
      "fail": false,
      "pending": false,
      "code": "// calling home page api\n    (0, _supertest2.default)(_server.server).get(\"/api/venues\").expect(\"Content-type\", /json/).expect(200) // This is HTTP response\n    .end(function (err, res) {\n      // HTTP status should be 200\n      res.status.should.equal(200);\n      done();\n    });",
      "err": {},
      "isRoot": false,
      "uuid": "b8f5bf0b-7012-4e69-8036-e4b5d5684633",
      "parentUUID": "9190e86c-ecd4-4ab8-8678-444c0e56248f",
      "skipped": false
    },
    {
      "title": "should add a venue",
      "fullTitle": "Venues API unit tests should add a venue",
      "timedOut": false,
      "duration": 12,
      "state": "passed",
      "speed": "fast",
      "pass": true,
      "fail": false,
      "pending": false,
      "code": "(0, _supertest2.default)(_server.server).post('/api/venues').send({ id: \"001\", name: \"Test Venue\", town: \"Test Town\", county: \"Test County\", phoneno: \"Test Ph #\", imageUrl: \"Test Image URL\" }).expect(\"Content-type\", /json/).expect(201).end(function (err, res) {\n  res.status.should.equal(201);\n  res.body.venue.should.have.property('_id');\n  res.body.venue.town.should.equal('Test Town');\n  done();\n});",
      "err": {},
      "isRoot": false,
      "uuid": "857b0696-6b32-4ea3-b30c-b9b9e2a40e2d",
      "parentUUID": "9190e86c-ecd4-4ab8-8678-444c0e56248f",
      "skipped": false
    },
    {
      "title": "should delete venue",
      "fullTitle": "Venues API unit tests should delete venue",
      "timedOut": false,
      "duration": 0,
      "state": "failed",
      "pass": false,
      "fail": true,
      "pending": false,
      "code": "var superserver = (0, _supertest2.default)(_server.server);\nsuperserver.get(\"/api/venues\").expect(\"Content-type\", /json/).expect(200) // This is HTTP response\n.end(function (err, res) {\n  var id = res.body[0]._id;\n  superserver.delete(\"/api/venues/\" + id).expect(\"Content-type\", /json/).expect(200) // This is HTTP response\n  .end(function (err, res) {\n    res.body._id.should.equal(id);\n    res.body.should.have.property(\"town\");\n    done();\n  });\n});",
      "err": {
        "uncaught": true,
        "estack": "TypeError: Cannot read property '_id' of undefined\n    at Test.<anonymous> (C:/Users/ellingworthl/Documents/MASTERS_WIT/EWD_Assign2_WebAPI/test/testVenuesApi.js:47:18)\n    at Test.assert (node_modules\\supertest\\lib\\test.js:179:6)\n    at Server.assert (node_modules\\supertest\\lib\\test.js:131:12)\n    at emitCloseNT (net.js:1555:8)\n    at _combinedTickCallback (internal/process/next_tick.js:71:11)\n    at process._tickCallback (internal/process/next_tick.js:98:9)"
      },
      "isRoot": false,
      "uuid": "801d2702-7fac-4c73-995f-058c568414f3",
      "parentUUID": "9190e86c-ecd4-4ab8-8678-444c0e56248f",
      "skipped": false
    },
    {
      "title": "should add and delete Venue 999",
      "fullTitle": "Venues API unit tests should add and delete Venue 999",
      "timedOut": false,
      "duration": 0,
      "state": "failed",
      "pass": false,
      "fail": true,
      "pending": false,
      "code": "// post to /api/venue\n// calling home page api\nvar superserver = (0, _supertest2.default)(_server.server);\nsuperserver.get(\"/api/venues\").expect(\"Content-type\", /json/).expect(200) // This is HTTP response\n.end(function (err, res) {\n  var id = res.body[0]._id;\n  superserver.put(\"/api/venues/\" + id).send({ id: \"001\", name: \"Venue 999\", town: \"999 Town\", county: \"999 County\", phoneno: \"999 Ph #\", imageUrl: \"999 Image URL\" }).expect(\"Content-type\", /json/).expect(200) // This is HTTP response\n  .end(function (err, res) {\n    superserver.delete(\"/api/venues/\" + id).expect(\"Content-type\", /json/).expect(200) // This is HTTP response\n    .end(function (err, res) {\n      res.body._id.should.equal(id);\n      res.body.name.should.equal(\"Venue 999\");\n      done();\n    });\n  });\n});",
      "err": {
        "uncaught": true,
        "estack": "TypeError: Cannot read property '_id' of undefined\n    at Test.<anonymous> (C:/Users/ellingworthl/Documents/MASTERS_WIT/EWD_Assign2_WebAPI/test/testVenuesApi.js:72:20)\n    at Test.assert (node_modules\\supertest\\lib\\test.js:179:6)\n    at Server.assert (node_modules\\supertest\\lib\\test.js:131:12)\n    at emitCloseNT (net.js:1555:8)\n    at _combinedTickCallback (internal/process/next_tick.js:71:11)\n    at process._tickCallback (internal/process/next_tick.js:98:9)"
      },
      "isRoot": false,
      "uuid": "2bb1023f-a228-496d-959d-6b096949936b",
      "parentUUID": "9190e86c-ecd4-4ab8-8678-444c0e56248f",
      "skipped": false
    }
  ],
  "allPending": [],
  "allPasses": [
    {
      "title": "should return collection of JSON documents",
      "fullTitle": "Events API unit tests should return collection of JSON documents",
      "timedOut": false,
      "duration": 57,
      "state": "passed",
      "speed": "medium",
      "pass": true,
      "fail": false,
      "pending": false,
      "code": "// calling home page api\n    (0, _supertest2.default)(_server.server).get(\"/api/Events\").expect(\"Content-type\", /json/).expect(200) // This is HTTP response\n    .end(function (err, res) {\n      // HTTP status should be 200\n      res.status.should.equal(200);\n      done();\n    });",
      "err": {},
      "isRoot": false,
      "uuid": "abcda4ed-44f0-4417-90d1-d8fc1fe6ca32",
      "parentUUID": "e9087000-92f4-422a-bb63-6afc9dbdc58a",
      "skipped": false
    },
    {
      "title": "should add an event",
      "fullTitle": "Events API unit tests should add an event",
      "timedOut": false,
      "duration": 34,
      "state": "passed",
      "speed": "fast",
      "pass": true,
      "fail": false,
      "pending": false,
      "code": "(0, _supertest2.default)(_server.server).post('/api/Events').send({ round: \"Test Round\", venue: \"Test Venue\", date: \"2017/07/01\" }).expect(\"Content-type\", /json/).expect(201).end(function (err, res) {\n  res.status.should.equal(201);\n  res.body.event.should.have.property('round');\n  res.body.event.round.should.equal('Test Round');\n  done();\n});",
      "err": {},
      "isRoot": false,
      "uuid": "8f076230-eb73-4531-bcd7-8f2919eba11a",
      "parentUUID": "e9087000-92f4-422a-bb63-6afc9dbdc58a",
      "skipped": false
    },
    {
      "title": "should return collection of JSON documents",
      "fullTitle": "Reviews API unit tests should return collection of JSON documents",
      "timedOut": false,
      "duration": 43,
      "state": "passed",
      "speed": "medium",
      "pass": true,
      "fail": false,
      "pending": false,
      "code": "// calling home page api\n    (0, _supertest2.default)(_server.server).get(\"/api/reviews\").expect(\"Content-type\", /json/).expect(200) // This is HTTP response\n    .end(function (err, res) {\n      // HTTP status should be 200\n      res.status.should.equal(200);\n      done();\n    });",
      "err": {},
      "isRoot": false,
      "uuid": "f498be0b-a94d-4b0d-8144-eb5335768f1f",
      "parentUUID": "5f3ba6a7-7fe5-4c67-9653-ad975e9e5cc6",
      "skipped": false
    },
    {
      "title": "should add a review",
      "fullTitle": "Reviews API unit tests should add a review",
      "timedOut": false,
      "duration": 24,
      "state": "passed",
      "speed": "fast",
      "pass": true,
      "fail": false,
      "pending": false,
      "code": "(0, _supertest2.default)(_server.server).post('/api/reviews').send({ title: \"Test Review\", link: \"https://github.com/ellingworthl/EWD_Assign2_WebAPI\", username: \"TiggerLady\" }).expect(\"Content-type\", /json/).expect(201).end(function (err, res) {\n  res.status.should.equal(201);\n  res.body.review.should.have.property('_id');\n  res.body.review.username.should.equal('TiggerLady');\n  done();\n});",
      "err": {},
      "isRoot": false,
      "uuid": "40593574-7647-472f-a4f7-dfd7ce756031",
      "parentUUID": "5f3ba6a7-7fe5-4c67-9653-ad975e9e5cc6",
      "skipped": false
    },
    {
      "title": "should return collection of JSON documents",
[...]
      "err": {},
      "isRoot": false,
      "uuid": "b8f5bf0b-7012-4e69-8036-e4b5d5684633",
      "parentUUID": "9190e86c-ecd4-4ab8-8678-444c0e56248f",
      "skipped": false
    },
    {
      "title": "should add a venue",
      "fullTitle": "Venues API unit tests should add a venue",
      "timedOut": false,
      "duration": 12,
      "state": "passed",
      "speed": "fast",
      "pass": true,
      "fail": false,
      "pending": false,
      "code": "(0, _supertest2.default)(_server.server).post('/api/venues').send({ id: \"001\", name: \"Test Venue\", town: \"Test Town\", county: \"Test County\", phoneno: \"Test Ph #\", imageUrl: \"Test Image URL\" }).expect(\"Content-type\", /json/).expect(201).end(function (err, res) {\n  res.status.should.equal(201);\n  res.body.venue.should.have.property('_id');\n  res.body.venue.town.should.equal('Test Town');\n  done();\n});",
      "err": {},
      "isRoot": false,
      "uuid": "857b0696-6b32-4ea3-b30c-b9b9e2a40e2d",
      "parentUUID": "9190e86c-ecd4-4ab8-8678-444c0e56248f",
      "skipped": false
    }
  ],
  "allFailures": [
    {
      "title": "Uncaught error outside test suite",
      "fullTitle": "Details API unit tests Uncaught error outside test suite",
      "timedOut": false,
      "duration": 0,
      "state": "failed",
      "pass": false,
      "fail": true,
      "pending": false,
      "code": "",
      "err": {
        "code": "EADDRINUSE",
        "errno": "EADDRINUSE",
        "syscall": "listen",
        "address": "127.0.0.1",
        "port": 8080,
        "uncaught": true,
        "estack": "Error: listen EADDRINUSE 127.0.0.1:8080\n    at Object.exports._errnoException (util.js:1022:11)\n    at exports._exceptionWithHostPort (util.js:1045:20)\n    at Server._listen2 (net.js:1259:14)\n    at listen (net.js:1295:10)\n    at net.js:1405:9\n    at GetAddrInfoReqWrap.asyncCallback [as callback] (dns.js:62:16)\n    at GetAddrInfoReqWrap.onlookup [as oncomplete] (dns.js:81:10)"
      },
      "isRoot": false,
      "uuid": "dd02fd20-92f0-4fd8-ac17-253b68d992c4",
      "parentUUID": "ef6aa25a-c497-4933-85b1-dc59cd2089f9",
      "skipped": false
    },
    {
      "title": "should return collection of JSON documents",
      "fullTitle": "Details API unit tests should return collection of JSON documents",
      "timedOut": false,
      "duration": 0,
      "state": "failed",
      "pass": false,
      "fail": true,
      "pending": false,
      "code": "// calling home page api\n    (0, _supertest2.default)(_server.server).get(\"/api/details\").expect(\"Content-type\", /json/).expect(200) // This is HTTP response\n    .end(function (err, res) {\n      // HTTP status should be 200\n      res.status.should.equal(200);\n      done();\n    });",
      "err": {
        "operator": "to be",
        "expected": "200",
        "showDiff": true,
        "actual": "404",
        "negate": false,
        "assertion": {
          "obj": 404,
          "anyOne": false,
          "negate": false,
          "params": {
            "operator": "to be",
            "expected": 200,
            "showDiff": true,
            "actual": 404,
            "negate": false,
            "assertion": "[Circular ~.allFailures.1.err.assertion]"
          },
          "light": false
        },
        "_message": "expected 404 to be 200",
        "generatedMessage": true,
        "uncaught": true,
        "estack": "AssertionError: expected 404 to be 200\n    at Assertion.fail (node_modules\\should\\cjs\\should.js:258:17)\n    at Assertion.value (node_modules\\should\\cjs\\should.js:335:19)\n    at Test.<anonymous> (C:/Users/ellingworthl/Documents/MASTERS_WIT/EWD_Assign2_WebAPI/test/testDetailsApi.js:19:25)\n    at Test.assert (node_modules\\supertest\\lib\\test.js:179:6)\n    at Server.assert (node_modules\\supertest\\lib\\test.js:131:12)\n    at emitCloseNT (net.js:1555:8)\n    at _combinedTickCallback (internal/process/next_tick.js:71:11)\n    at process._tickCallback (internal/process/next_tick.js:98:9)",
        "diff": "- 404\n+ 200\n"
      },
      "isRoot": false,
      "uuid": "b1cc146d-fc23-41b6-b548-6fd2a9e2fe36",
      "parentUUID": "ef6aa25a-c497-4933-85b1-dc59cd2089f9",
      "skipped": false
    },
    {
      "title": "should add a venue detail",
      "fullTitle": "Details API unit tests should add a venue detail",
      "timedOut": false,
      "duration": 0,
      "state": "failed",
      "pass": false,
      "fail": true,
      "pending": false,
      "code": "(0, _supertest2.default)(_server.server).post('/api/details').send({ id: \"001\", name: \"Test Venue\", description: \"Test Discription\", type: \"Test Type\", link: \"Test URL\", association: \"Test association\", parking: \"Test parking\", toilet: \"Test W/C\", refreshments: \"Test refreshments\", other: \"Test Other\", directions: \"Test directions URL\", images: \"Test Image0\", images1: \"Test Image1\" }).expect(\"Content-type\", /json/).expect(201).end(function (err, res) {\n  res.status.should.equal(201);\n  res.body.details.should.have.property('_id');\n  res.body.details.description.should.equal('Test Discription');\n  done();\n});",
      "err": {
        "operator": "to be",
        "expected": "201",
        "showDiff": true,
        "actual": "404",
        "negate": false,
        "assertion": {
          "obj": 404,
          "anyOne": false,
          "negate": false,
          "params": {
            "operator": "to be",
            "expected": 201,
            "showDiff": true,
            "actual": 404,
            "negate": false,
            "assertion": "[Circular ~.allFailures.2.err.assertion]"
          },
          "light": false
        },
        "_message": "expected 404 to be 201",
        "generatedMessage": true,
        "uncaught": true,
        "estack": "AssertionError: expected 404 to be 201\n    at Assertion.fail (node_modules\\should\\cjs\\should.js:258:17)\n    at Assertion.value (node_modules\\should\\cjs\\should.js:335:19)\n    at Test.<anonymous> (C:/Users/ellingworthl/Documents/MASTERS_WIT/EWD_Assign2_WebAPI/test/testDetailsApi.js:32:25)\n    at Test.assert (node_modules\\supertest\\lib\\test.js:179:6)\n    at Server.assert (node_modules\\supertest\\lib\\test.js:131:12)\n    at emitCloseNT (net.js:1555:8)\n    at _combinedTickCallback (internal/process/next_tick.js:71:11)\n    at process._tickCallback (internal/process/next_tick.js:98:9)",
        "diff": "- 404\n+ 201\n"
      },
      "isRoot": false,
      "uuid": "78399335-4ea1-4448-b5de-272a8cb71fbd",
      "parentUUID": "ef6aa25a-c497-4933-85b1-dc59cd2089f9",
      "skipped": false
    },
    {
      "title": "should delete venue",
      "fullTitle": "Details API unit tests should delete venue",
      "timedOut": false,
      "duration": 0,
      "state": "failed",
      "pass": false,
      "fail": true,
      "pending": false,
      "code": "var superserver = (0, _supertest2.default)(_server.server);\nsuperserver.get(\"/api/details\").expect(\"Content-type\", /json/).expect(200) // This is HTTP response\n.end(function (err, res) {\n  var id = res.body[0]._id;\n  superserver.delete(\"/api/details/\" + id).expect(\"Content-type\", /json/).expect(200) // This is HTTP response\n  .end(function (err, res) {\n    res.body._id.should.equal(id);\n    res.body.should.have.property(\"description\");\n    done();\n  });\n});",
      "err": {
        "uncaught": true,
        "estack": "TypeError: Cannot read property '_id' of undefined\n    at Test.<anonymous> (C:/Users/ellingworthl/Documents/MASTERS_WIT/EWD_Assign2_WebAPI/test/testDetailsApi.js:47:18)\n    at Test.assert (node_modules\\supertest\\lib\\test.js:179:6)\n    at Server.assert (node_modules\\supertest\\lib\\test.js:131:12)\n    at emitCloseNT (net.js:1555:8)\n    at _combinedTickCallback (internal/process/next_tick.js:71:11)\n    at process._tickCallback (internal/process/next_tick.js:98:9)"
      },
      "isRoot": false,
      "uuid": "6078784f-45dc-4c82-9fb2-06b4d95d8257",
      "parentUUID": "ef6aa25a-c497-4933-85b1-dc59cd2089f9",
      "skipped": false
    },
    {
      "title": "should add and delete Venue Detail 999",
      "fullTitle": "Details API unit tests should add and delete Venue Detail 999",
      "timedOut": false,
      "duration": 0,
      "state": "failed",
      "pass": false,
      "fail": true,
      "pending": false,
      "code": "// post to /api/details\n// calling home page api\nvar superserver = (0, _supertest2.default)(_server.server);\nsuperserver.get(\"/api/details\").expect(\"Content-type\", /json/).expect(200) // This is HTTP response\n.end(function (err, res) {\n  var id = res.body[0]._id;\n  superserver.put(\"/api/details/\" + id).send({ id: \"001\", name: \"999 Venue\", description: \"999 Discription\", type: \"999 Type\", link: \"999 URL\", association: \"999 association\", parking: \"999 parking\", toilet: \"999 W/C\", refreshments: \"999 refreshments\", other: \"999 Other\", directions: \"999 directions URL\", images: \"999 Image0\", images1: \"999 Image1\" }).expect(\"Content-type\", /json/).expect(200) // This is HTTP response\n  .end(function (err, res) {\n    superserver.delete(\"/api/details/\" + id).expect(\"Content-type\", /json/).expect(200) // This is HTTP response\n    .end(function (err, res) {\n      res.body._id.should.equal(id);\n      res.body.name.should.equal(\"Venue 999\");\n      done();\n    });\n  });\n});",
      "err": {
        "uncaught": true,
        "estack": "TypeError: Cannot read property '_id' of undefined\n    at Test.<anonymous> (C:/Users/ellingworthl/Documents/MASTERS_WIT/EWD_Assign2_WebAPI/test/testDetailsApi.js:72:20)\n    at Test.assert (node_modules\\supertest\\lib\\test.js:179:6)\n    at Server.assert (node_modules\\supertest\\lib\\test.js:131:12)\n    at emitCloseNT (net.js:1555:8)\n    at _combinedTickCallback (internal/process/next_tick.js:71:11)\n    at process._tickCallback (internal/process/next_tick.js:98:9)"
      },
      "isRoot": false,
      "uuid": "c13db5ce-206b-4f86-8934-c7265293b03f",
      "parentUUID": "ef6aa25a-c497-4933-85b1-dc59cd2089f9",
      "skipped": false
    },
    {
      "title": "should delete event",
      "fullTitle": "Events API unit tests should delete event",
      "timedOut": false,
      "duration": 0,
      "state": "failed",
      "pass": false,
      "fail": true,
      "pending": false,
      "code": "var superserver = (0, _supertest2.default)(_server.server);\nsuperserver.get(\"/api/Events\").expect(\"Content-type\", /json/).expect(200) // This is HTTP response\n.end(function (err, res) {\n  var id = res.body[0]._id;\n  superserver.delete(\"/api/Events/\" + id).expect(\"Content-type\", /json/).expect(200) // This is HTTP response\n  .end(function (err, res) {\n    res.body._id.should.equal(id);\n    res.body.should.have.property(\"round\");\n    done();\n  });\n});",
      "err": {
        "uncaught": true,
        "estack": "TypeError: Cannot read property '_id' of undefined\n    at Test.<anonymous> (C:/Users/ellingworthl/Documents/MASTERS_WIT/EWD_Assign2_WebAPI/test/testEventsApi.js:50:18)\n    at Test.assert (node_modules\\supertest\\lib\\test.js:179:6)\n    at Server.assert (node_modules\\supertest\\lib\\test.js:131:12)\n    at emitCloseNT (net.js:1555:8)\n    at _combinedTickCallback (internal/process/next_tick.js:71:11)\n    at process._tickCallback (internal/process/next_tick.js:98:9)"
      },
      "isRoot": false,
      "uuid": "eac91488-38a9-4de6-8a62-e9aaae9ca82f",
      "parentUUID": "e9087000-92f4-422a-bb63-6afc9dbdc58a",
      "skipped": false
    },
    {
      "title": "should add and delete Event 999",
      "fullTitle": "Events API unit tests should add and delete Event 999",
      "timedOut": false,
      "duration": 0,
      "state": "failed",
      "pass": false,
      "fail": true,
      "pending": false,
      "code": "// post to /api/Events\n// calling home page api\nvar superserver = (0, _supertest2.default)(_server.server);\nsuperserver.get(\"/api/Events\").expect(\"Content-type\", /json/).expect(200) // This is HTTP response\n.end(function (err, res) {\n  var id = res.body[0]._id;\n  superserver.put(\"/api/Events/\" + id).send({ round: \"999 Round\", venue: \"999 Venue\", date: \"999 Date\" }).expect(\"Content-type\", /json/).expect(200) // This is HTTP response\n  .end(function (err, res) {\n    superserver.delete(\"/api/Events/\" + id).expect(\"Content-type\", /json/).expect(200) // This is HTTP response\n    .end(function (err, res) {\n      res.body._id.should.equal(id);\n      res.body.round.should.equal(\"Round 999\");\n      done();\n    });\n  });\n});",
      "err": {
        "uncaught": true,
        "estack": "TypeError: Cannot read property '_id' of undefined\n    at Test.<anonymous> (C:/Users/ellingworthl/Documents/MASTERS_WIT/EWD_Assign2_WebAPI/test/testEventsApi.js:75:20)\n    at Test.assert (node_modules\\supertest\\lib\\test.js:179:6)\n    at Server.assert (node_modules\\supertest\\lib\\test.js:131:12)\n    at emitCloseNT (net.js:1555:8)\n    at _combinedTickCallback (internal/process/next_tick.js:71:11)\n    at process._tickCallback (internal/process/next_tick.js:98:9)"
      },
      "isRoot": false,
      "uuid": "ad0f5770-f7f8-4952-a70c-ea3540b8c640",
      "parentUUID": "e9087000-92f4-422a-bb63-6afc9dbdc58a",
      "skipped": false
    },
    {
      "title": "should delete review",
      "fullTitle": "Reviews API unit tests should delete review",
      "timedOut": false,
      "duration": 0,
      "state": "failed",
      "pass": false,
      "fail": true,
      "pending": false,
      "code": "var superserver = (0, _supertest2.default)(_server.server);\nsuperserver.get(\"/api/reviews\").expect(\"Content-type\", /json/).expect(200) // This is HTTP response\n.end(function (err, res) {\n  var id = res.body[0]._id;\n  superserver.delete(\"/api/reviews/\" + id).expect(\"Content-type\", /json/).expect(200) // This is HTTP response\n  .end(function (err, res) {\n    res.body._id.should.equal(id);\n    res.body.should.have.property(\"username\");\n    done();\n  });\n});",
      "err": {
        "uncaught": true,
        "estack": "TypeError: Cannot read property '_id' of undefined\n    at Test.<anonymous> (C:/Users/ellingworthl/Documents/MASTERS_WIT/EWD_Assign2_WebAPI/test/testReviewsApi.js:47:18)\n    at Test.assert (node_modules\\supertest\\lib\\test.js:179:6)\n    at Server.assert (node_modules\\supertest\\lib\\test.js:131:12)\n    at emitCloseNT (net.js:1555:8)\n    at _combinedTickCallback (internal/process/next_tick.js:71:11)\n    at process._tickCallback (internal/process/next_tick.js:98:9)"
      },
      "isRoot": false,
      "uuid": "2429cad3-52e1-4f42-aed3-1b3152aba7c3",
      "parentUUID": "5f3ba6a7-7fe5-4c67-9653-ad975e9e5cc6",
      "skipped": false
    },
    {
      "title": "should add and delete Review 999",
      "fullTitle": "Reviews API unit tests should add and delete Review 999",
      "timedOut": false,
      "duration": 0,
      "state": "failed",
      "pass": false,
      "fail": true,
      "pending": false,
      "code": "// post to /api/reviews\n// calling home page api\nvar superserver = (0, _supertest2.default)(_server.server);\nsuperserver.get(\"/api/reviews\").expect(\"Content-type\", /json/).expect(200) // This is HTTP response\n.end(function (err, res) {\n  var id = res.body[0]._id;\n  superserver.put(\"/api/reviews/\" + id).send({ title: \"Review 999\", link: \"Review\", username: \"TiggerLady\" }).expect(\"Content-type\", /json/).expect(200) // This is HTTP response\n  .end(function (err, res) {\n    superserver.delete(\"/api/reviews/\" + id).expect(\"Content-type\", /json/).expect(200) // THis is HTTP response\n    .end(function (err, res) {\n      res.body._id.should.equal(id);\n      res.body.title.should.equal(\"Review 999\");\n      done();\n    });\n  });\n});",
      "err": {
        "uncaught": true,
        "estack": "TypeError: Cannot read property '_id' of undefined\n    at Test.<anonymous> (C:/Users/ellingworthl/Documents/MASTERS_WIT/EWD_Assign2_WebAPI/test/testReviewsApi.js:72:20)\n    at Test.assert (node_modules\\supertest\\lib\\test.js:179:6)\n    at Server.assert (node_modules\\supertest\\lib\\test.js:131:12)\n    at emitCloseNT (net.js:1555:8)\n    at _combinedTickCallback (internal/process/next_tick.js:71:11)\n    at process._tickCallback (internal/process/next_tick.js:98:9)"
      },
      "isRoot": false,
      "uuid": "8fc22783-65e6-4bd9-8282-ad84a2e987be",
      "parentUUID": "5f3ba6a7-7fe5-4c67-9653-ad975e9e5cc6",
      "skipped": false
    },
    {
      "title": "should delete venue",
      "fullTitle": "Venues API unit tests should delete venue",
      "timedOut": false,
      "duration": 0,
      "state": "failed",
      "pass": false,
      "fail": true,
      "pending": false,
      "code": "var superserver = (0, _supertest2.default)(_server.server);\nsuperserver.get(\"/api/venues\").expect(\"Content-type\", /json/).expect(200) // This is HTTP response\n.end(function (err, res) {\n  var id = res.body[0]._id;\n  superserver.delete(\"/api/venues/\" + id).expect(\"Content-type\", /json/).expect(200) // This is HTTP response\n  .end(function (err, res) {\n    res.body._id.should.equal(id);\n    res.body.should.have.property(\"town\");\n    done();\n  });\n});",
      "err": {
        "uncaught": true,
        "estack": "TypeError: Cannot read property '_id' of undefined\n    at Test.<anonymous> (C:/Users/ellingworthl/Documents/MASTERS_WIT/EWD_Assign2_WebAPI/test/testVenuesApi.js:47:18)\n    at Test.assert (node_modules\\supertest\\lib\\test.js:179:6)\n    at Server.assert (node_modules\\supertest\\lib\\test.js:131:12)\n    at emitCloseNT (net.js:1555:8)\n    at _combinedTickCallback (internal/process/next_tick.js:71:11)\n    at process._tickCallback (internal/process/next_tick.js:98:9)"
      },
      "isRoot": false,
      "uuid": "801d2702-7fac-4c73-995f-058c568414f3",
      "parentUUID": "9190e86c-ecd4-4ab8-8678-444c0e56248f",
      "skipped": false
    },
    {
      "title": "should add and delete Venue 999",
      "fullTitle": "Venues API unit tests should add and delete Venue 999",
      "timedOut": false,
      "duration": 0,
      "state": "failed",
      "pass": false,
      "fail": true,
      "pending": false,
      "code": "// post to /api/venue\n// calling home page api\nvar superserver = (0, _supertest2.default)(_server.server);\nsuperserver.get(\"/api/venues\").expect(\"Content-type\", /json/).expect(200) // This is HTTP response\n.end(function (err, res) {\n  var id = res.body[0]._id;\n  superserver.put(\"/api/venues/\" + id).send({ id: \"001\", name: \"Venue 999\", town: \"999 Town\", county: \"999 County\", phoneno: \"999 Ph #\", imageUrl: \"999 Image URL\" }).expect(\"Content-type\", /json/).expect(200) // This is HTTP response\n  .end(function (err, res) {\n    superserver.delete(\"/api/venues/\" + id).expect(\"Content-type\", /json/).expect(200) // This is HTTP response\n    .end(function (err, res) {\n      res.body._id.should.equal(id);\n      res.body.name.should.equal(\"Venue 999\");\n      done();\n    });\n  });\n});",
      "err": {
        "uncaught": true,
        "estack": "TypeError: Cannot read property '_id' of undefined\n    at Test.<anonymous> (C:/Users/ellingworthl/Documents/MASTERS_WIT/EWD_Assign2_WebAPI/test/testVenuesApi.js:72:20)\n    at Test.assert (node_modules\\supertest\\lib\\test.js:179:6)\n    at Server.assert (node_modules\\supertest\\lib\\test.js:131:12)\n    at emitCloseNT (net.js:1555:8)\n    at _combinedTickCallback (internal/process/next_tick.js:71:11)\n    at process._tickCallback (internal/process/next_tick.js:98:9)"
      },
      "isRoot": false,
      "uuid": "2bb1023f-a228-496d-959d-6b096949936b",
      "parentUUID": "9190e86c-ecd4-4ab8-8678-444c0e56248f",
      "skipped": false
    }
  ],
  "copyrightYear": 2017
}