{
  "stats": {
    "suites": 4,
    "tests": 16,
    "passes": 6,
    "pending": 0,
    "failures": 10,
    "start": "2017-05-09T08:47:01.488Z",
    "end": "2017-05-09T08:47:02.148Z",
    "duration": 660,
    "testsRegistered": 16,
    "passPercent": 37.5,
    "pendingPercent": 0,
    "other": 0,
    "hasOther": false,
    "skipped": 0,
    "hasSkipped": false,
    "passPercentClass": "danger",
    "pendingPercentClass": "danger"
  },
  "suites": {
    "title": "",
    "suites": [
      {
        "title": "Details API unit tests",
        "suites": [],
        "tests": [
          {
            "title": "should return collection of JSON documents",
            "fullTitle": "Details API unit tests should return collection of JSON documents",
            "timedOut": false,
            "duration": 0,
            "state": "failed",
            "pass": false,
            "fail": true,
            "pending": false,
            "code": "// calling home page api\n    (0, _supertest2.default)(_server.server).get(\"/api/details\").expect(\"Content-type\", /json/).expect(200) // This is HTTP response\n    .end(function (err, res) {\n      // HTTP status should be 200\n      res.status.should.equal(200);\n      done();\n    });",
            "err": {
              "operator": "to be",
              "expected": "200",
              "showDiff": true,
              "actual": "404",
              "negate": false,
              "assertion": {
                "obj": 404,
                "anyOne": false,
                "negate": false,
                "params": {
                  "operator": "to be",
                  "expected": 200,
                  "showDiff": true,
                  "actual": 404,
                  "negate": false,
                  "assertion": "[Circular ~.suites.suites.0.tests.0.err.assertion]"
                },
                "light": false
              },
              "_message": "expected 404 to be 200",
              "generatedMessage": true,
              "uncaught": true,
              "estack": "AssertionError: expected 404 to be 200\n    at Assertion.fail (node_modules\\should\\cjs\\should.js:258:17)\n    at Assertion.value (node_modules\\should\\cjs\\should.js:335:19)\n    at Test.<anonymous> (C:/Users/ellingworthl/Documents/MASTERS_WIT/EWD_Assign2_WebAPI/test/testDetailsApi.js:19:25)\n    at Test.assert (node_modules\\supertest\\lib\\test.js:179:6)\n    at Server.assert (node_modules\\supertest\\lib\\test.js:131:12)\n    at emitCloseNT (net.js:1555:8)\n    at _combinedTickCallback (internal/process/next_tick.js:71:11)\n    at process._tickCallback (internal/process/next_tick.js:98:9)",
              "diff": "- 404\n+ 200\n"
            },
            "isRoot": false,
            "uuid": "fda65e4f-df4c-411d-bada-ded552f4b2f2",
            "parentUUID": "96066c79-8242-4761-bfb5-61d51d83717b",
            "skipped": false
          },
          {
            "title": "should add a venue detail",
            "fullTitle": "Details API unit tests should add a venue detail",
            "timedOut": false,
            "duration": 0,
            "state": "failed",
            "pass": false,
            "fail": true,
            "pending": false,
            "code": "(0, _supertest2.default)(_server.server).post('/api/details').send({ id: \"001\", name: \"Test Venue\", description: \"Test Discription\", type: \"Test Type\", link: \"Test URL\", association: \"Test association\", parking: \"Test parking\", toilet: \"Test W/C\", refreshments: \"Test refreshments\", other: \"Test Other\", directions: \"Test directions URL\", images: \"Test Image0\", images1: \"Test Image1\" }).expect(\"Content-type\", /json/).expect(201).end(function (err, res) {\n  res.status.should.equal(201);\n  res.body.details.should.have.property('_id');\n  res.body.details.description.should.equal('Test Discription');\n  done();\n});",
            "err": {
              "operator": "to be",
              "expected": "201",
              "showDiff": true,
              "actual": "404",
              "negate": false,
              "assertion": {
                "obj": 404,
                "anyOne": false,
                "negate": false,
                "params": {
                  "operator": "to be",
                  "expected": 201,
                  "showDiff": true,
                  "actual": 404,
                  "negate": false,
                  "assertion": "[Circular ~.suites.suites.0.tests.1.err.assertion]"
                },
                "light": false
              },
              "_message": "expected 404 to be 201",
              "generatedMessage": true,
              "uncaught": true,
              "estack": "AssertionError: expected 404 to be 201\n    at Assertion.fail (node_modules\\should\\cjs\\should.js:258:17)\n    at Assertion.value (node_modules\\should\\cjs\\should.js:335:19)\n    at Test.<anonymous> (C:/Users/ellingworthl/Documents/MASTERS_WIT/EWD_Assign2_WebAPI/test/testDetailsApi.js:32:25)\n    at Test.assert (node_modules\\supertest\\lib\\test.js:179:6)\n    at Server.assert (node_modules\\supertest\\lib\\test.js:131:12)\n    at emitCloseNT (net.js:1555:8)\n    at _combinedTickCallback (internal/process/next_tick.js:71:11)\n    at process._tickCallback (internal/process/next_tick.js:98:9)",
              "diff": "- 404\n+ 201\n"
            },
            "isRoot": false,
            "uuid": "db023102-d20a-435a-873b-61cabe27375b",
            "parentUUID": "96066c79-8242-4761-bfb5-61d51d83717b",
            "skipped": false
          },
          {
            "title": "should delete venue",
            "fullTitle": "Details API unit tests should delete venue",
            "timedOut": false,
            "duration": 0,
            "state": "failed",
            "pass": false,
            "fail": true,
            "pending": false,
            "code": "var superserver = (0, _supertest2.default)(_server.server);\nsuperserver.get(\"/api/details\").expect(\"Content-type\", /json/).expect(200) // This is HTTP response\n.end(function (err, res) {\n  var id = res.body[0]._id;\n  superserver.delete(\"/api/details/\" + id).expect(\"Content-type\", /json/).expect(200) // This is HTTP response\n  .end(function (err, res) {\n    res.body._id.should.equal(id);\n    res.body.should.have.property(\"description\");\n    done();\n  });\n});",
            "err": {
              "uncaught": true,
              "estack": "TypeError: Cannot read property '_id' of undefined\n    at Test.<anonymous> (C:/Users/ellingworthl/Documents/MASTERS_WIT/EWD_Assign2_WebAPI/test/testDetailsApi.js:47:18)\n    at Test.assert (node_modules\\supertest\\lib\\test.js:179:6)\n    at Server.assert (node_modules\\supertest\\lib\\test.js:131:12)\n    at emitCloseNT (net.js:1555:8)\n    at _combinedTickCallback (internal/process/next_tick.js:71:11)\n    at process._tickCallback (internal/process/next_tick.js:98:9)"
            },
            "isRoot": false,
            "uuid": "2dc834f1-672f-4814-9f5c-833d2ea64edd",
            "parentUUID": "96066c79-8242-4761-bfb5-61d51d83717b",
            "skipped": false
          },
          {
            "title": "should add and delete Venue Detail 999",
            "fullTitle": "Details API unit tests should add and delete Venue Detail 999",
            "timedOut": false,
            "duration": 0,
            "state": "failed",
            "pass": false,
            "fail": true,
            "pending": false,
            "code": "// post to /api/details\n// calling home page api\nvar superserver = (0, _supertest2.default)(_server.server);\nsuperserver.get(\"/api/details\").expect(\"Content-type\", /json/).expect(200) // This is HTTP response\n.end(function (err, res) {\n  var id = res.body[0]._id;\n  superserver.put(\"/api/details/\" + id).send({ id: \"001\", name: \"999 Venue\", description: \"999 Discription\", type: \"999 Type\", link: \"999 URL\", association: \"999 association\", parking: \"999 parking\", toilet: \"999 W/C\", refreshments: \"999 refreshments\", other: \"999 Other\", directions: \"999 directions URL\", images: \"999 Image0\", images1: \"999 Image1\" }).expect(\"Content-type\", /json/).expect(200) // This is HTTP response\n  .end(function (err, res) {\n    superserver.delete(\"/api/details/\" + id).expect(\"Content-type\", /json/).expect(200) // This is HTTP response\n    .end(function (err, res) {\n      res.body._id.should.equal(id);\n      res.body.name.should.equal(\"Venue 999\");\n      done();\n    });\n  });\n});",
            "err": {
              "uncaught": true,
              "estack": "TypeError: Cannot read property '_id' of undefined\n    at Test.<anonymous> (C:/Users/ellingworthl/Documents/MASTERS_WIT/EWD_Assign2_WebAPI/test/testDetailsApi.js:72:20)\n    at Test.assert (node_modules\\supertest\\lib\\test.js:179:6)\n    at Server.assert (node_modules\\supertest\\lib\\test.js:131:12)\n    at emitCloseNT (net.js:1555:8)\n    at _combinedTickCallback (internal/process/next_tick.js:71:11)\n    at process._tickCallback (internal/process/next_tick.js:98:9)"
            },
            "isRoot": false,
            "uuid": "8f1732c2-20c8-4a3d-b1cf-f20f00eb8145",
            "parentUUID": "96066c79-8242-4761-bfb5-61d51d83717b",
            "skipped": false
          }
        ],
        "pending": [],
        "root": false,
        "_timeout": 120000,
        "file": "\\test\\testDetailsApi.js",
        "uuid": "96066c79-8242-4761-bfb5-61d51d83717b",
        "fullFile": "C:\\Users\\ellingworthl\\Documents\\MASTERS_WIT\\EWD_Assign2_WebAPI\\test\\testDetailsApi.js",
        "passes": [],
        "failures": [
          {
            "title": "should return collection of JSON documents",
            "fullTitle": "Details API unit tests should return collection of JSON documents",
            "timedOut": false,
            "duration": 0,
            "state": "failed",
            "pass": false,
            "fail": true,
            "pending": false,
            "code": "// calling home page api\n    (0, _supertest2.default)(_server.server).get(\"/api/details\").expect(\"Content-type\", /json/).expect(200) // This is HTTP response\n    .end(function (err, res) {\n      // HTTP status should be 200\n      res.status.should.equal(200);\n      done();\n    });",
            "err": {
              "operator": "to be",
              "expected": "200",
              "showDiff": true,
              "actual": "404",
              "negate": false,
              "assertion": {
                "obj": 404,
                "anyOne": false,
                "negate": false,
                "params": {
                  "operator": "to be",
                  "expected": 200,
                  "showDiff": true,
                  "actual": 404,
                  "negate": false,
                  "assertion": "[Circular ~.suites.suites.0.failures.0.err.assertion]"
                },
                "light": false
              },
              "_message": "expected 404 to be 200",
              "generatedMessage": true,
              "uncaught": true,
              "estack": "AssertionError: expected 404 to be 200\n    at Assertion.fail (node_modules\\should\\cjs\\should.js:258:17)\n    at Assertion.value (node_modules\\should\\cjs\\should.js:335:19)\n    at Test.<anonymous> (C:/Users/ellingworthl/Documents/MASTERS_WIT/EWD_Assign2_WebAPI/test/testDetailsApi.js:19:25)\n    at Test.assert (node_modules\\supertest\\lib\\test.js:179:6)\n    at Server.assert (node_modules\\supertest\\lib\\test.js:131:12)\n    at emitCloseNT (net.js:1555:8)\n    at _combinedTickCallback (internal/process/next_tick.js:71:11)\n    at process._tickCallback (internal/process/next_tick.js:98:9)",
              "diff": "- 404\n+ 200\n"
            },
            "isRoot": false,
            "uuid": "fda65e4f-df4c-411d-bada-ded552f4b2f2",
            "parentUUID": "96066c79-8242-4761-bfb5-61d51d83717b",
            "skipped": false
          },
          {
            "title": "should add a venue detail",
            "fullTitle": "Details API unit tests should add a venue detail",
            "timedOut": false,
            "duration": 0,
            "state": "failed",
            "pass": false,
            "fail": true,
            "pending": false,
            "code": "(0, _supertest2.default)(_server.server).post('/api/details').send({ id: \"001\", name: \"Test Venue\", description: \"Test Discription\", type: \"Test Type\", link: \"Test URL\", association: \"Test association\", parking: \"Test parking\", toilet: \"Test W/C\", refreshments: \"Test refreshments\", other: \"Test Other\", directions: \"Test directions URL\", images: \"Test Image0\", images1: \"Test Image1\" }).expect(\"Content-type\", /json/).expect(201).end(function (err, res) {\n  res.status.should.equal(201);\n  res.body.details.should.have.property('_id');\n  res.body.details.description.should.equal('Test Discription');\n  done();\n});",
            "err": {
              "operator": "to be",
              "expected": "201",
              "showDiff": true,
              "actual": "404",
              "negate": false,
              "assertion": {
                "obj": 404,
                "anyOne": false,
                "negate": false,
                "params": {
                  "operator": "to be",
                  "expected": 201,
                  "showDiff": true,
                  "actual": 404,
                  "negate": false,
                  "assertion": "[Circular ~.suites.suites.0.failures.1.err.assertion]"
                },
                "light": false
              },
              "_message": "expected 404 to be 201",
              "generatedMessage": true,
              "uncaught": true,
              "estack": "AssertionError: expected 404 to be 201\n    at Assertion.fail (node_modules\\should\\cjs\\should.js:258:17)\n    at Assertion.value (node_modules\\should\\cjs\\should.js:335:19)\n    at Test.<anonymous> (C:/Users/ellingworthl/Documents/MASTERS_WIT/EWD_Assign2_WebAPI/test/testDetailsApi.js:32:25)\n    at Test.assert (node_modules\\supertest\\lib\\test.js:179:6)\n    at Server.assert (node_modules\\supertest\\lib\\test.js:131:12)\n    at emitCloseNT (net.js:1555:8)\n    at _combinedTickCallback (internal/process/next_tick.js:71:11)\n    at process._tickCallback (internal/process/next_tick.js:98:9)",
              "diff": "- 404\n+ 201\n"
            },
            "isRoot": false,
            "uuid": "db023102-d20a-435a-873b-61cabe27375b",
            "parentUUID": "96066c79-8242-4761-bfb5-61d51d83717b",
            "skipped": false
          },
          {
            "title": "should delete venue",
            "fullTitle": "Details API unit tests should delete venue",
            "timedOut": false,
            "duration": 0,
            "state": "failed",
            "pass": false,
            "fail": true,
            "pending": false,
            "code": "var superserver = (0, _supertest2.default)(_server.server);\nsuperserver.get(\"/api/details\").expect(\"Content-type\", /json/).expect(200) // This is HTTP response\n.end(function (err, res) {\n  var id = res.body[0]._id;\n  superserver.delete(\"/api/details/\" + id).expect(\"Content-type\", /json/).expect(200) // This is HTTP response\n  .end(function (err, res) {\n    res.body._id.should.equal(id);\n    res.body.should.have.property(\"description\");\n    done();\n  });\n});",
            "err": {
              "uncaught": true,
              "estack": "TypeError: Cannot read property '_id' of undefined\n    at Test.<anonymous> (C:/Users/ellingworthl/Documents/MASTERS_WIT/EWD_Assign2_WebAPI/test/testDetailsApi.js:47:18)\n    at Test.assert (node_modules\\supertest\\lib\\test.js:179:6)\n    at Server.assert (node_modules\\supertest\\lib\\test.js:131:12)\n    at emitCloseNT (net.js:1555:8)\n    at _combinedTickCallback (internal/process/next_tick.js:71:11)\n    at process._tickCallback (internal/process/next_tick.js:98:9)"
            },
            "isRoot": false,
            "uuid": "2dc834f1-672f-4814-9f5c-833d2ea64edd",
            "parentUUID": "96066c79-8242-4761-bfb5-61d51d83717b",
            "skipped": false
          },
          {
            "title": "should add and delete Venue Detail 999",
            "fullTitle": "Details API unit tests should add and delete Venue Detail 999",
            "timedOut": false,
            "duration": 0,
            "state": "failed",
            "pass": false,
            "fail": true,
            "pending": false,
            "code": "// post to /api/details\n// calling home page api\nvar superserver = (0, _supertest2.default)(_server.server);\nsuperserver.get(\"/api/details\").expect(\"Content-type\", /json/).expect(200) // This is HTTP response\n.end(function (err, res) {\n  var id = res.body[0]._id;\n  superserver.put(\"/api/details/\" + id).send({ id: \"001\", name: \"999 Venue\", description: \"999 Discription\", type: \"999 Type\", link: \"999 URL\", association: \"999 association\", parking: \"999 parking\", toilet: \"999 W/C\", refreshments: \"999 refreshments\", other: \"999 Other\", directions: \"999 directions URL\", images: \"999 Image0\", images1: \"999 Image1\" }).expect(\"Content-type\", /json/).expect(200) // This is HTTP response\n  .end(function (err, res) {\n    superserver.delete(\"/api/details/\" + id).expect(\"Content-type\", /json/).expect(200) // This is HTTP response\n    .end(function (err, res) {\n      res.body._id.should.equal(id);\n      res.body.name.should.equal(\"Venue 999\");\n      done();\n    });\n  });\n});",
            "err": {
              "uncaught": true,
              "estack": "TypeError: Cannot read property '_id' of undefined\n    at Test.<anonymous> (C:/Users/ellingworthl/Documents/MASTERS_WIT/EWD_Assign2_WebAPI/test/testDetailsApi.js:72:20)\n    at Test.assert (node_modules\\supertest\\lib\\test.js:179:6)\n    at Server.assert (node_modules\\supertest\\lib\\test.js:131:12)\n    at emitCloseNT (net.js:1555:8)\n    at _combinedTickCallback (internal/process/next_tick.js:71:11)\n    at process._tickCallback (internal/process/next_tick.js:98:9)"
            },
            "isRoot": false,
            "uuid": "8f1732c2-20c8-4a3d-b1cf-f20f00eb8145",
            "parentUUID": "96066c79-8242-4761-bfb5-61d51d83717b",
            "skipped": false
          }
        ],
        "skipped": [],
        "hasTests": true,
        "hasSuites": false,
        "totalTests": 4,
        "totalPasses": 0,
        "totalFailures": 4,
        "totalPending": 0,
        "totalSkipped": 0,
        "hasPasses": false,
        "hasFailures": true,
        "hasPending": false,
        "hasSkipped": false,
        "duration": 0,
        "rootEmpty": false
      },
      {
        "title": "Events API unit tests",
        "suites": [],
        "tests": [
          {
            "title": "should return collection of JSON documents",
            "fullTitle": "Events API unit tests should return collection of JSON documents",
            "timedOut": false,
            "duration": 33,
            "state": "passed",
            "speed": "fast",
            "pass": true,
            "fail": false,
            "pending": false,
            "code": "// calling home page api\n    (0, _supertest2.default)(_server.server).get(\"/api/events\").expect(\"Content-type\", /json/).expect(200) // This is HTTP response\n    .end(function (err, res) {\n      // HTTP status should be 200\n      res.status.should.equal(200);\n      done();\n    });",
            "err": {},
            "isRoot": false,
            "uuid": "f78b3166-eeee-471c-b577-f6006ead34cf",
            "parentUUID": "77e0f12b-3187-4e24-aa7a-49ac0fd1cf91",
            "skipped": false
          },
          {
            "title": "should add an event",
            "fullTitle": "Events API unit tests should add an event",
            "timedOut": false,
            "duration": 35,
            "state": "passed",
            "speed": "fast",
            "pass": true,
            "fail": false,
            "pending": false,
            "code": "(0, _supertest2.default)(_server.server).post('/api/events').send({ round: \"Test Round\", venue: \"Test Venue\", date: \"2017/07/01\" }).expect(\"Content-type\", /json/).expect(201).end(function (err, res) {\n  res.status.should.equal(201);\n  res.body.event.should.have.property('_id');\n  res.body.event.round.should.equal('Test Round');\n  done();\n});",
            "err": {},
            "isRoot": false,
            "uuid": "1778b3e7-281c-487e-b193-38751d334d13",
            "parentUUID": "77e0f12b-3187-4e24-aa7a-49ac0fd1cf91",
            "skipped": false
          },
          {
            "title": "should delete event",
            "fullTitle": "Events API unit tests should delete event",
            "timedOut": false,
            "duration": 0,
            "state": "failed",
            "pass": false,
            "fail": true,
            "pending": false,
            "code": "var superserver = (0, _supertest2.default)(_server.server);\nsuperserver.get(\"/api/events\").expect(\"Content-type\", /json/).expect(200) // This is HTTP response\n.end(function (err, res) {\n  var id = res.body[0]._id;\n  superserver.delete(\"/api/events/\" + id).expect(\"Content-type\", /json/).expect(200) // This is HTTP response\n  .end(function (err, res) {\n    res.body._id.should.equal(id);\n    res.body.should.have.property(\"round\");\n    done();\n  });\n});",
            "err": {
              "uncaught": true,
              "estack": "TypeError: Cannot read property '_id' of undefined\n    at Test.<anonymous> (C:/Users/ellingworthl/Documents/MASTERS_WIT/EWD_Assign2_WebAPI/test/testEventsApi.js:47:18)\n    at Test.assert (node_modules\\supertest\\lib\\test.js:179:6)\n    at Server.assert (node_modules\\supertest\\lib\\test.js:131:12)\n    at emitCloseNT (net.js:1555:8)\n    at _combinedTickCallback (internal/process/next_tick.js:71:11)\n    at process._tickCallback (internal/process/next_tick.js:98:9)"
            },
            "isRoot": false,
            "uuid": "548f1e99-5bc4-4e50-b09a-d9eb7f7adef0",
            "parentUUID": "77e0f12b-3187-4e24-aa7a-49ac0fd1cf91",
            "skipped": false
          },
          {
            "title": "should add and delete Event 999",
            "fullTitle": "Events API unit tests should add and delete Event 999",
            "timedOut": false,
            "duration": 0,
            "state": "failed",
            "pass": false,
            "fail": true,
            "pending": false,
            "code": "// post to /api/events\n// calling home page api\nvar superserver = (0, _supertest2.default)(_server.server);\nsuperserver.get(\"/api/events\").expect(\"Content-type\", /json/).expect(200) // This is HTTP response\n.end(function (err, res) {\n  var id = res.body[0]._id;\n  superserver.put(\"/api/events/\" + id).send({ round: \"999 Round\", venue: \"999 Venue\", date: \"999 Date\" }).expect(\"Content-type\", /json/).expect(200) // This is HTTP response\n  .end(function (err, res) {\n    superserver.delete(\"/api/events/\" + id).expect(\"Content-type\", /json/).expect(200) // This is HTTP response\n    .end(function (err, res) {\n      res.body._id.should.equal(id);\n      res.body.round.should.equal(\"Round 999\");\n      done();\n    });\n  });\n});",
            "err": {
              "uncaught": true,
              "estack": "TypeError: Cannot read property '_id' of undefined\n    at Test.<anonymous> (C:/Users/ellingworthl/Documents/MASTERS_WIT/EWD_Assign2_WebAPI/test/testEventsApi.js:72:20)\n    at Test.assert (node_modules\\supertest\\lib\\test.js:179:6)\n    at Server.assert (node_modules\\supertest\\lib\\test.js:131:12)\n    at emitCloseNT (net.js:1555:8)\n    at _combinedTickCallback (internal/process/next_tick.js:71:11)\n    at process._tickCallback (internal/process/next_tick.js:98:9)"
            },
            "isRoot": false,
            "uuid": "718a0eff-9b32-4d46-b5d8-3629e73df819",
            "parentUUID": "77e0f12b-3187-4e24-aa7a-49ac0fd1cf91",
            "skipped": false
          }
        ],
        "pending": [],
        "root": false,
        "_timeout": 120000,
        "file": "\\test\\testEventsApi.js",
        "uuid": "77e0f12b-3187-4e24-aa7a-49ac0fd1cf91",
        "fullFile": "C:\\Users\\ellingworthl\\Documents\\MASTERS_WIT\\EWD_Assign2_WebAPI\\test\\testEventsApi.js",
        "passes": [
          {
            "title": "should return collection of JSON documents",
            "fullTitle": "Events API unit tests should return collection of JSON documents",
            "timedOut": false,
            "duration": 33,
            "state": "passed",
            "speed": "fast",
            "pass": true,
            "fail": false,
            "pending": false,
            "code": "// calling home page api\n    (0, _supertest2.default)(_server.server).get(\"/api/events\").expect(\"Content-type\", /json/).expect(200) // This is HTTP response\n    .end(function (err, res) {\n      // HTTP status should be 200\n      res.status.should.equal(200);\n      done();\n    });",
            "err": {},
            "isRoot": false,
            "uuid": "f78b3166-eeee-471c-b577-f6006ead34cf",
            "parentUUID": "77e0f12b-3187-4e24-aa7a-49ac0fd1cf91",
            "skipped": false
          },
          {
            "title": "should add an event",
            "fullTitle": "Events API unit tests should add an event",
            "timedOut": false,
            "duration": 35,
            "state": "passed",
            "speed": "fast",
            "pass": true,
            "fail": false,
            "pending": false,
            "code": "(0, _supertest2.default)(_server.server).post('/api/events').send({ round: \"Test Round\", venue: \"Test Venue\", date: \"2017/07/01\" }).expect(\"Content-type\", /json/).expect(201).end(function (err, res) {\n  res.status.should.equal(201);\n  res.body.event.should.have.property('_id');\n  res.body.event.round.should.equal('Test Round');\n  done();\n});",
            "err": {},
            "isRoot": false,
            "uuid": "1778b3e7-281c-487e-b193-38751d334d13",
            "parentUUID": "77e0f12b-3187-4e24-aa7a-49ac0fd1cf91",
            "skipped": false
          }
        ],
        "failures": [
          {
            "title": "should delete event",
            "fullTitle": "Events API unit tests should delete event",
            "timedOut": false,
            "duration": 0,
            "state": "failed",
            "pass": false,
            "fail": true,
            "pending": false,
            "code": "var superserver = (0, _supertest2.default)(_server.server);\nsuperserver.get(\"/api/events\").expect(\"Content-type\", /json/).expect(200) // This is HTTP response\n.end(function (err, res) {\n  var id = res.body[0]._id;\n  superserver.delete(\"/api/events/\" + id).expect(\"Content-type\", /json/).expect(200) // This is HTTP response\n  .end(function (err, res) {\n    res.body._id.should.equal(id);\n    res.body.should.have.property(\"round\");\n    done();\n  });\n});",
            "err": {
              "uncaught": true,
              "estack": "TypeError: Cannot read property '_id' of undefined\n    at Test.<anonymous> (C:/Users/ellingworthl/Documents/MASTERS_WIT/EWD_Assign2_WebAPI/test/testEventsApi.js:47:18)\n    at Test.assert (node_modules\\supertest\\lib\\test.js:179:6)\n    at Server.assert (node_modules\\supertest\\lib\\test.js:131:12)\n    at emitCloseNT (net.js:1555:8)\n    at _combinedTickCallback (internal/process/next_tick.js:71:11)\n    at process._tickCallback (internal/process/next_tick.js:98:9)"
            },
            "isRoot": false,
            "uuid": "548f1e99-5bc4-4e50-b09a-d9eb7f7adef0",
            "parentUUID": "77e0f12b-3187-4e24-aa7a-49ac0fd1cf91",
            "skipped": false
          },
          {
            "title": "should add and delete Event 999",
            "fullTitle": "Events API unit tests should add and delete Event 999",
            "timedOut": false,
            "duration": 0,
            "state": "failed",
            "pass": false,
            "fail": true,
            "pending": false,
            "code": "// post to /api/events\n// calling home page api\nvar superserver = (0, _supertest2.default)(_server.server);\nsuperserver.get(\"/api/events\").expect(\"Content-type\", /json/).expect(200) // This is HTTP response\n.end(function (err, res) {\n  var id = res.body[0]._id;\n  superserver.put(\"/api/events/\" + id).send({ round: \"999 Round\", venue: \"999 Venue\", date: \"999 Date\" }).expect(\"Content-type\", /json/).expect(200) // This is HTTP response\n  .end(function (err, res) {\n    superserver.delete(\"/api/events/\" + id).expect(\"Content-type\", /json/).expect(200) // This is HTTP response\n    .end(function (err, res) {\n      res.body._id.should.equal(id);\n      res.body.round.should.equal(\"Round 999\");\n      done();\n    });\n  });\n});",
            "err": {
              "uncaught": true,
              "estack": "TypeError: Cannot read property '_id' of undefined\n    at Test.<anonymous> (C:/Users/ellingworthl/Documents/MASTERS_WIT/EWD_Assign2_WebAPI/test/testEventsApi.js:72:20)\n    at Test.assert (node_modules\\supertest\\lib\\test.js:179:6)\n    at Server.assert (node_modules\\supertest\\lib\\test.js:131:12)\n    at emitCloseNT (net.js:1555:8)\n    at _combinedTickCallback (internal/process/next_tick.js:71:11)\n    at process._tickCallback (internal/process/next_tick.js:98:9)"
            },
            "isRoot": false,
            "uuid": "718a0eff-9b32-4d46-b5d8-3629e73df819",
            "parentUUID": "77e0f12b-3187-4e24-aa7a-49ac0fd1cf91",
            "skipped": false
          }
        ],
        "skipped": [],
        "hasTests": true,
        "hasSuites": false,
        "totalTests": 4,
        "totalPasses": 2,
        "totalFailures": 2,
        "totalPending": 0,
        "totalSkipped": 0,
        "hasPasses": true,
        "hasFailures": true,
        "hasPending": false,
        "hasSkipped": false,
        "duration": 68,
        "rootEmpty": false
      },
      {
        "title": "Reviews API unit tests",
        "suites": [],
        "tests": [
          {
            "title": "should return collection of JSON documents",
            "fullTitle": "Reviews API unit tests should return collection of JSON documents",
            "timedOut": false,
            "duration": 27,
            "state": "passed",
            "speed": "fast",
            "pass": true,
            "fail": false,
            "pending": false,
            "code": "// calling home page api\n    (0, _supertest2.default)(_server.server).get(\"/api/reviews\").expect(\"Content-type\", /json/).expect(200) // This is HTTP response\n    .end(function (err, res) {\n      // HTTP status should be 200\n      res.status.should.equal(200);\n      done();\n    });",
            "err": {},
            "isRoot": false,
            "uuid": "4ea67f27-52a5-4d10-8ad3-c2db9c304e4f",
            "parentUUID": "56003d8c-1b56-4458-ad4b-9df7d5a94ae7",
            "skipped": false
          },
          {
            "title": "should add a review",
            "fullTitle": "Reviews API unit tests should add a review",
            "timedOut": false,
            "duration": 21,
            "state": "passed",
            "speed": "fast",
            "pass": true,
            "fail": false,
            "pending": false,
            "code": "(0, _supertest2.default)(_server.server).post('/api/reviews').send({ title: \"Test Review\", link: \"https://github.com/ellingworthl/EWD_Assign2_WebAPI\", username: \"TiggerLady\" }).expect(\"Content-type\", /json/).expect(201).end(function (err, res) {\n  res.status.should.equal(201);\n  res.body.review.should.have.property('_id');\n  res.body.review.username.should.equal('TiggerLady');\n  done();\n});",
            "err": {},
            "isRoot": false,
            "uuid": "f458c9d2-ab07-4b3b-8480-ebe5857edb36",
            "parentUUID": "56003d8c-1b56-4458-ad4b-9df7d5a94ae7",
            "skipped": false
          },
          {
            "title": "should delete review",
            "fullTitle": "Reviews API unit tests should delete review",
            "timedOut": false,
            "duration": 0,
            "state": "failed",
            "pass": false,
            "fail": true,
            "pending": false,
            "code": "var superserver = (0, _supertest2.default)(_server.server);\nsuperserver.get(\"/api/reviews\").expect(\"Content-type\", /json/).expect(200) // This is HTTP response\n.end(function (err, res) {\n  var id = res.body[0]._id;\n  superserver.delete(\"/api/reviews/\" + id).expect(\"Content-type\", /json/).expect(200) // This is HTTP response\n  .end(function (err, res) {\n    res.body._id.should.equal(id);\n    res.body.should.have.property(\"username\");\n    done();\n  });\n});",
            "err": {
              "uncaught": true,
              "estack": "TypeError: Cannot read property '_id' of undefined\n    at Test.<anonymous> (C:/Users/ellingworthl/Documents/MASTERS_WIT/EWD_Assign2_WebAPI/test/testReviewsApi.js:47:18)\n    at Test.assert (node_modules\\supertest\\lib\\test.js:179:6)\n    at Server.assert (node_modules\\supertest\\lib\\test.js:131:12)\n    at emitCloseNT (net.js:1555:8)\n    at _combinedTickCallback (internal/process/next_tick.js:71:11)\n    at process._tickCallback (internal/process/next_tick.js:98:9)"
            },
            "isRoot": false,
            "uuid": "1eee6311-a778-4b76-83a4-81cbe882c406",
            "parentUUID": "56003d8c-1b56-4458-ad4b-9df7d5a94ae7",
            "skipped": false
          },
          {
            "title": "should add and delete Review 999",
            "fullTitle": "Reviews API unit tests should add and delete Review 999",
            "timedOut": false,
            "duration": 0,
            "state": "failed",
            "pass": false,
            "fail": true,
            "pending": false,
            "code": "// post to /api/reviews\n// calling home page api\nvar superserver = (0, _supertest2.default)(_server.server);\nsuperserver.get(\"/api/reviews\").expect(\"Content-type\", /json/).expect(200) // This is HTTP response\n.end(function (err, res) {\n  var id = res.body[0]._id;\n  superserver.put(\"/api/reviews/\" + id).send({ title: \"Review 999\", link: \"Review\", username: \"TiggerLady\" }).expect(\"Content-type\", /json/).expect(200) // This is HTTP response\n  .end(function (err, res) {\n    superserver.delete(\"/api/reviews/\" + id).expect(\"Content-type\", /json/).expect(200) // THis is HTTP response\n    .end(function (err, res) {\n      res.body._id.should.equal(id);\n      res.body.title.should.equal(\"Review 999\");\n      done();\n    });\n  });\n});",
            "err": {
              "uncaught": true,
              "estack": "TypeError: Cannot read property '_id' of undefined\n    at Test.<anonymous> (C:/Users/ellingworthl/Documents/MASTERS_WIT/EWD_Assign2_WebAPI/test/testReviewsApi.js:72:20)\n    at Test.assert (node_modules\\supertest\\lib\\test.js:179:6)\n    at Server.assert (node_modules\\supertest\\lib\\test.js:131:12)\n    at emitCloseNT (net.js:1555:8)\n    at _combinedTickCallback (internal/process/next_tick.js:71:11)\n    at process._tickCallback (internal/process/next_tick.js:98:9)"
            },
            "isRoot": false,
            "uuid": "fd7470f0-3222-4fb8-9c7c-79bda85d6a5e",
            "parentUUID": "56003d8c-1b56-4458-ad4b-9df7d5a94ae7",
            "skipped": false
          }
        ],
        "pending": [],
        "root": false,
        "_timeout": 120000,
        "file": "\\test\\testReviewsApi.js",
        "uuid": "56003d8c-1b56-4458-ad4b-9df7d5a94ae7",
        "fullFile": "C:\\Users\\ellingworthl\\Documents\\MASTERS_WIT\\EWD_Assign2_WebAPI\\test\\testReviewsApi.js",
        "passes": [
          {
            "title": "should return collection of JSON documents",
            "fullTitle": "Reviews API unit tests should return collection of JSON documents",
            "timedOut": false,
            "duration": 27,
            "state": "passed",
            "speed": "fast",
            "pass": true,
            "fail": false,
            "pending": false,
            "code": "// calling home page api\n    (0, _supertest2.default)(_server.server).get(\"/api/reviews\").expect(\"Content-type\", /json/).expect(200) // This is HTTP response\n    .end(function (err, res) {\n      // HTTP status should be 200\n      res.status.should.equal(200);\n      done();\n    });",
            "err": {},
            "isRoot": false,
            "uuid": "4ea67f27-52a5-4d10-8ad3-c2db9c304e4f",
            "parentUUID": "56003d8c-1b56-4458-ad4b-9df7d5a94ae7",
            "skipped": false
          },
          {
            "title": "should add a review",
            "fullTitle": "Reviews API unit tests should add a review",
            "timedOut": false,
            "duration": 21,
            "state": "passed",
            "speed": "fast",
            "pass": true,
            "fail": false,
            "pending": false,
            "code": "(0, _supertest2.default)(_server.server).post('/api/reviews').send({ title: \"Test Review\", link: \"https://github.com/ellingworthl/EWD_Assign2_WebAPI\", username: \"TiggerLady\" }).expect(\"Content-type\", /json/).expect(201).end(function (err, res) {\n  res.status.should.equal(201);\n  res.body.review.should.have.property('_id');\n  res.body.review.username.should.equal('TiggerLady');\n  done();\n});",
            "err": {},
            "isRoot": false,
            "uuid": "f458c9d2-ab07-4b3b-8480-ebe5857edb36",
            "parentUUID": "56003d8c-1b56-4458-ad4b-9df7d5a94ae7",
            "skipped": false
          }
        ],
        "failures": [
          {
            "title": "should delete review",
            "fullTitle": "Reviews API unit tests should delete review",
            "timedOut": false,
            "duration": 0,
            "state": "failed",
            "pass": false,
            "fail": true,
            "pending": false,
            "code": "var superserver = (0, _supertest2.default)(_server.server);\nsuperserver.get(\"/api/reviews\").expect(\"Content-type\", /json/).expect(200) // This is HTTP response\n.end(function (err, res) {\n  var id = res.body[0]._id;\n  superserver.delete(\"/api/reviews/\" + id).expect(\"Content-type\", /json/).expect(200) // This is HTTP response\n  .end(function (err, res) {\n    res.body._id.should.equal(id);\n    res.body.should.have.property(\"username\");\n    done();\n  });\n});",
            "err": {
              "uncaught": true,
              "estack": "TypeError: Cannot read property '_id' of undefined\n    at Test.<anonymous> (C:/Users/ellingworthl/Documents/MASTERS_WIT/EWD_Assign2_WebAPI/test/testReviewsApi.js:47:18)\n    at Test.assert (node_modules\\supertest\\lib\\test.js:179:6)\n    at Server.assert (node_modules\\supertest\\lib\\test.js:131:12)\n    at emitCloseNT (net.js:1555:8)\n    at _combinedTickCallback (internal/process/next_tick.js:71:11)\n    at process._tickCallback (internal/process/next_tick.js:98:9)"
            },
            "isRoot": false,
            "uuid": "1eee6311-a778-4b76-83a4-81cbe882c406",
            "parentUUID": "56003d8c-1b56-4458-ad4b-9df7d5a94ae7",
            "skipped": false
          },
          {
            "title": "should add and delete Review 999",
            "fullTitle": "Reviews API unit tests should add and delete Review 999",
            "timedOut": false,
            "duration": 0,
            "state": "failed",
            "pass": false,
            "fail": true,
            "pending": false,
            "code": "// post to /api/reviews\n// calling home page api\nvar superserver = (0, _supertest2.default)(_server.server);\nsuperserver.get(\"/api/reviews\").expect(\"Content-type\", /json/).expect(200) // This is HTTP response\n.end(function (err, res) {\n  var id = res.body[0]._id;\n  superserver.put(\"/api/reviews/\" + id).send({ title: \"Review 999\", link: \"Review\", username: \"TiggerLady\" }).expect(\"Content-type\", /json/).expect(200) // This is HTTP response\n  .end(function (err, res) {\n    superserver.delete(\"/api/reviews/\" + id).expect(\"Content-type\", /json/).expect(200) // THis is HTTP response\n    .end(function (err, res) {\n      res.body._id.should.equal(id);\n      res.body.title.should.equal(\"Review 999\");\n      done();\n    });\n  });\n});",
            "err": {
              "uncaught": true,
              "estack": "TypeError: Cannot read property '_id' of undefined\n    at Test.<anonymous> (C:/Users/ellingworthl/Documents/MASTERS_WIT/EWD_Assign2_WebAPI/test/testReviewsApi.js:72:20)\n    at Test.assert (node_modules\\supertest\\lib\\test.js:179:6)\n    at Server.assert (node_modules\\supertest\\lib\\test.js:131:12)\n    at emitCloseNT (net.js:1555:8)\n    at _combinedTickCallback (internal/process/next_tick.js:71:11)\n    at process._tickCallback (internal/process/next_tick.js:98:9)"
            },
            "isRoot": false,
            "uuid": "fd7470f0-3222-4fb8-9c7c-79bda85d6a5e",
            "parentUUID": "56003d8c-1b56-4458-ad4b-9df7d5a94ae7",
            "skipped": false
          }
        ],
        "skipped": [],
        "hasTests": true,
        "hasSuites": false,
        "totalTests": 4,
        "totalPasses": 2,
        "totalFailures": 2,
        "totalPending": 0,
        "totalSkipped": 0,
        "hasPasses": true,
        "hasFailures": true,
        "hasPending": false,
        "hasSkipped": false,
        "duration": 48,
        "rootEmpty": false
      },
      {
        "title": "Venues API unit tests",
        "suites": [],
        "tests": [
          {
            "title": "should return collection of JSON documents",
            "fullTitle": "Venues API unit tests should return collection of JSON documents",
            "timedOut": false,
            "duration": 20,
            "state": "passed",
            "speed": "fast",
            "pass": true,
            "fail": false,
            "pending": false,
            "code": "// calling home page api\n    (0, _supertest2.default)(_server.server).get(\"/api/venues\").expect(\"Content-type\", /json/).expect(200) // This is HTTP response\n    .end(function (err, res) {\n      // HTTP status should be 200\n      res.status.should.equal(200);\n      done();\n    });",
            "err": {},
            "isRoot": false,
            "uuid": "9a6db0af-61a0-45f8-8ffb-9aa62a708cfc",
            "parentUUID": "d2649a91-4166-42c9-92de-667a9614d1e3",
            "skipped": false
          },
          {
            "title": "should add a venue",
            "fullTitle": "Venues API unit tests should add a venue",
            "timedOut": false,
            "duration": 14,
            "state": "passed",
            "speed": "fast",
            "pass": true,
            "fail": false,
            "pending": false,
            "code": "(0, _supertest2.default)(_server.server).post('/api/venues').send({ id: \"001\", name: \"Test Venue\", town: \"Test Town\", county: \"Test County\", phoneno: \"Test Ph #\", imageUrl: \"Test Image URL\" }).expect(\"Content-type\", /json/).expect(201).end(function (err, res) {\n  res.status.should.equal(201);\n  res.body.venue.should.have.property('_id');\n  res.body.venue.town.should.equal('Test Town');\n  done();\n});",
            "err": {},
            "isRoot": false,
            "uuid": "68b25f38-6c43-483d-bd23-e2eca37a8c03",
            "parentUUID": "d2649a91-4166-42c9-92de-667a9614d1e3",
            "skipped": false
          },
          {
            "title": "should delete venue",
            "fullTitle": "Venues API unit tests should delete venue",
            "timedOut": false,
            "duration": 0,
            "state": "failed",
            "pass": false,
            "fail": true,
            "pending": false,
            "code": "var superserver = (0, _supertest2.default)(_server.server);\nsuperserver.get(\"/api/venues\").expect(\"Content-type\", /json/).expect(200) // This is HTTP response\n.end(function (err, res) {\n  var id = res.body[0]._id;\n  superserver.delete(\"/api/venues/\" + id).expect(\"Content-type\", /json/).expect(200) // This is HTTP response\n  .end(function (err, res) {\n    res.body._id.should.equal(id);\n    res.body.should.have.property(\"town\");\n    done();\n  });\n});",
            "err": {
              "uncaught": true,
              "estack": "TypeError: Cannot read property '_id' of undefined\n    at Test.<anonymous> (C:/Users/ellingworthl/Documents/MASTERS_WIT/EWD_Assign2_WebAPI/test/testVenuesApi.js:47:18)\n    at Test.assert (node_modules\\supertest\\lib\\test.js:179:6)\n    at Server.assert (node_modules\\supertest\\lib\\test.js:131:12)\n    at emitCloseNT (net.js:1555:8)\n    at _combinedTickCallback (internal/process/next_tick.js:71:11)\n    at process._tickCallback (internal/process/next_tick.js:98:9)"
            },
            "isRoot": false,
            "uuid": "c88d6a78-288f-4b53-8206-a3458ec5a37c",
            "parentUUID": "d2649a91-4166-42c9-92de-667a9614d1e3",
            "skipped": false
          },
          {
            "title": "should add and delete Venue 999",
            "fullTitle": "Venues API unit tests should add and delete Venue 999",
            "timedOut": false,
            "duration": 0,
            "state": "failed",
            "pass": false,
            "fail": true,
            "pending": false,
            "code": "// post to /api/venue\n// calling home page api\nvar superserver = (0, _supertest2.default)(_server.server);\nsuperserver.get(\"/api/venues\").expect(\"Content-type\", /json/).expect(200) // This is HTTP response\n.end(function (err, res) {\n  var id = res.body[0]._id;\n  superserver.put(\"/api/venues/\" + id).send({ id: \"001\", name: \"Venue 999\", town: \"999 Town\", county: \"999 County\", phoneno: \"999 Ph #\", imageUrl: \"999 Image URL\" }).expect(\"Content-type\", /json/).expect(200) // This is HTTP response\n  .end(function (err, res) {\n    superserver.delete(\"/api/venues/\" + id).expect(\"Content-type\", /json/).expect(200) // This is HTTP response\n    .end(function (err, res) {\n      res.body._id.should.equal(id);\n      res.body.name.should.equal(\"Venue 999\");\n      done();\n    });\n  });\n});",
            "err": {
              "uncaught": true,
              "estack": "TypeError: Cannot read property '_id' of undefined\n    at Test.<anonymous> (C:/Users/ellingworthl/Documents/MASTERS_WIT/EWD_Assign2_WebAPI/test/testVenuesApi.js:72:20)\n    at Test.assert (node_modules\\supertest\\lib\\test.js:179:6)\n    at Server.assert (node_modules\\supertest\\lib\\test.js:131:12)\n    at emitCloseNT (net.js:1555:8)\n    at _combinedTickCallback (internal/process/next_tick.js:71:11)\n    at process._tickCallback (internal/process/next_tick.js:98:9)"
            },
            "isRoot": false,
            "uuid": "e044722a-0ce2-4723-9675-fab7ac5ab349",
            "parentUUID": "d2649a91-4166-42c9-92de-667a9614d1e3",
            "skipped": false
          }
        ],
        "pending": [],
        "root": false,
        "_timeout": 120000,
        "file": "\\test\\testVenuesApi.js",
        "uuid": "d2649a91-4166-42c9-92de-667a9614d1e3",
        "fullFile": "C:\\Users\\ellingworthl\\Documents\\MASTERS_WIT\\EWD_Assign2_WebAPI\\test\\testVenuesApi.js",
        "passes": [
          {
            "title": "should return collection of JSON documents",
            "fullTitle": "Venues API unit tests should return collection of JSON documents",
            "timedOut": false,
            "duration": 20,
            "state": "passed",
            "speed": "fast",
            "pass": true,
            "fail": false,
            "pending": false,
            "code": "// calling home page api\n    (0, _supertest2.default)(_server.server).get(\"/api/venues\").expect(\"Content-type\", /json/).expect(200) // This is HTTP response\n    .end(function (err, res) {\n      // HTTP status should be 200\n      res.status.should.equal(200);\n      done();\n    });",
            "err": {},
            "isRoot": false,
            "uuid": "9a6db0af-61a0-45f8-8ffb-9aa62a708cfc",
            "parentUUID": "d2649a91-4166-42c9-92de-667a9614d1e3",
            "skipped": false
          },
          {
            "title": "should add a venue",
            "fullTitle": "Venues API unit tests should add a venue",
            "timedOut": false,
            "duration": 14,
            "state": "passed",
            "speed": "fast",
            "pass": true,
            "fail": false,
            "pending": false,
            "code": "(0, _supertest2.default)(_server.server).post('/api/venues').send({ id: \"001\", name: \"Test Venue\", town: \"Test Town\", county: \"Test County\", phoneno: \"Test Ph #\", imageUrl: \"Test Image URL\" }).expect(\"Content-type\", /json/).expect(201).end(function (err, res) {\n  res.status.should.equal(201);\n  res.body.venue.should.have.property('_id');\n  res.body.venue.town.should.equal('Test Town');\n  done();\n});",
            "err": {},
            "isRoot": false,
            "uuid": "68b25f38-6c43-483d-bd23-e2eca37a8c03",
            "parentUUID": "d2649a91-4166-42c9-92de-667a9614d1e3",
            "skipped": false
          }
        ],
        "failures": [
          {
            "title": "should delete venue",
            "fullTitle": "Venues API unit tests should delete venue",
            "timedOut": false,
            "duration": 0,
            "state": "failed",
            "pass": false,
            "fail": true,
            "pending": false,
            "code": "var superserver = (0, _supertest2.default)(_server.server);\nsuperserver.get(\"/api/venues\").expect(\"Content-type\", /json/).expect(200) // This is HTTP response\n.end(function (err, res) {\n  var id = res.body[0]._id;\n  superserver.delete(\"/api/venues/\" + id).expect(\"Content-type\", /json/).expect(200) // This is HTTP response\n  .end(function (err, res) {\n    res.body._id.should.equal(id);\n    res.body.should.have.property(\"town\");\n    done();\n  });\n});",
            "err": {
              "uncaught": true,
              "estack": "TypeError: Cannot read property '_id' of undefined\n    at Test.<anonymous> (C:/Users/ellingworthl/Documents/MASTERS_WIT/EWD_Assign2_WebAPI/test/testVenuesApi.js:47:18)\n    at Test.assert (node_modules\\supertest\\lib\\test.js:179:6)\n    at Server.assert (node_modules\\supertest\\lib\\test.js:131:12)\n    at emitCloseNT (net.js:1555:8)\n    at _combinedTickCallback (internal/process/next_tick.js:71:11)\n    at process._tickCallback (internal/process/next_tick.js:98:9)"
            },
            "isRoot": false,
            "uuid": "c88d6a78-288f-4b53-8206-a3458ec5a37c",
            "parentUUID": "d2649a91-4166-42c9-92de-667a9614d1e3",
            "skipped": false
          },
          {
            "title": "should add and delete Venue 999",
            "fullTitle": "Venues API unit tests should add and delete Venue 999",
            "timedOut": false,
            "duration": 0,
            "state": "failed",
            "pass": false,
            "fail": true,
            "pending": false,
            "code": "// post to /api/venue\n// calling home page api\nvar superserver = (0, _supertest2.default)(_server.server);\nsuperserver.get(\"/api/venues\").expect(\"Content-type\", /json/).expect(200) // This is HTTP response\n.end(function (err, res) {\n  var id = res.body[0]._id;\n  superserver.put(\"/api/venues/\" + id).send({ id: \"001\", name: \"Venue 999\", town: \"999 Town\", county: \"999 County\", phoneno: \"999 Ph #\", imageUrl: \"999 Image URL\" }).expect(\"Content-type\", /json/).expect(200) // This is HTTP response\n  .end(function (err, res) {\n    superserver.delete(\"/api/venues/\" + id).expect(\"Content-type\", /json/).expect(200) // This is HTTP response\n    .end(function (err, res) {\n      res.body._id.should.equal(id);\n      res.body.name.should.equal(\"Venue 999\");\n      done();\n    });\n  });\n});",
            "err": {
              "uncaught": true,
              "estack": "TypeError: Cannot read property '_id' of undefined\n    at Test.<anonymous> (C:/Users/ellingworthl/Documents/MASTERS_WIT/EWD_Assign2_WebAPI/test/testVenuesApi.js:72:20)\n    at Test.assert (node_modules\\supertest\\lib\\test.js:179:6)\n    at Server.assert (node_modules\\supertest\\lib\\test.js:131:12)\n    at emitCloseNT (net.js:1555:8)\n    at _combinedTickCallback (internal/process/next_tick.js:71:11)\n    at process._tickCallback (internal/process/next_tick.js:98:9)"
            },
            "isRoot": false,
            "uuid": "e044722a-0ce2-4723-9675-fab7ac5ab349",
            "parentUUID": "d2649a91-4166-42c9-92de-667a9614d1e3",
            "skipped": false
          }
        ],
        "skipped": [],
        "hasTests": true,
        "hasSuites": false,
        "totalTests": 4,
        "totalPasses": 2,
        "totalFailures": 2,
        "totalPending": 0,
        "totalSkipped": 0,
        "hasPasses": true,
        "hasFailures": true,
        "hasPending": false,
        "hasSkipped": false,
        "duration": 34,
        "rootEmpty": false
      }
    ],
    "tests": [],
    "pending": [],
    "root": true,
    "_timeout": 2000,
    "uuid": "e19fb665-e5be-4a8d-9d63-06dca3c60369",
    "fullFile": "",
    "file": "",
    "passes": [],
    "failures": [],
    "skipped": [],
    "hasTests": false,
    "hasSuites": true,
    "totalTests": 0,
    "totalPasses": 0,
    "totalFailures": 0,
    "totalPending": 0,
    "totalSkipped": 0,
    "hasPasses": false,
    "hasFailures": false,
    "hasPending": false,
    "hasSkipped": false,
    "duration": 0,
    "rootEmpty": true
  },
  "allTests": [
    {
      "title": "should return collection of JSON documents",
      "fullTitle": "Details API unit tests should return collection of JSON documents",
      "timedOut": false,
      "duration": 0,
      "state": "failed",
      "pass": false,
      "fail": true,
      "pending": false,
      "code": "// calling home page api\n    (0, _supertest2.default)(_server.server).get(\"/api/details\").expect(\"Content-type\", /json/).expect(200) // This is HTTP response\n    .end(function (err, res) {\n      // HTTP status should be 200\n      res.status.should.equal(200);\n      done();\n    });",
      "err": {
        "operator": "to be",
        "expected": "200",
        "showDiff": true,
        "actual": "404",
        "negate": false,
        "assertion": {
          "obj": 404,
          "anyOne": false,
          "negate": false,
          "params": {
            "operator": "to be",
            "expected": 200,
            "showDiff": true,
            "actual": 404,
            "negate": false,
            "assertion": "[Circular ~.allTests.0.err.assertion]"
          },
          "light": false
        },
        "_message": "expected 404 to be 200",
        "generatedMessage": true,
        "uncaught": true,
        "estack": "AssertionError: expected 404 to be 200\n    at Assertion.fail (node_modules\\should\\cjs\\should.js:258:17)\n    at Assertion.value (node_modules\\should\\cjs\\should.js:335:19)\n    at Test.<anonymous> (C:/Users/ellingworthl/Documents/MASTERS_WIT/EWD_Assign2_WebAPI/test/testDetailsApi.js:19:25)\n    at Test.assert (node_modules\\supertest\\lib\\test.js:179:6)\n    at Server.assert (node_modules\\supertest\\lib\\test.js:131:12)\n    at emitCloseNT (net.js:1555:8)\n    at _combinedTickCallback (internal/process/next_tick.js:71:11)\n    at process._tickCallback (internal/process/next_tick.js:98:9)",
        "diff": "- 404\n+ 200\n"
      },
      "isRoot": false,
      "uuid": "fda65e4f-df4c-411d-bada-ded552f4b2f2",
      "parentUUID": "96066c79-8242-4761-bfb5-61d51d83717b",
      "skipped": false
    },
    {
      "title": "should add a venue detail",
      "fullTitle": "Details API unit tests should add a venue detail",
      "timedOut": false,
      "duration": 0,
      "state": "failed",
      "pass": false,
      "fail": true,
      "pending": false,
      "code": "(0, _supertest2.default)(_server.server).post('/api/details').send({ id: \"001\", name: \"Test Venue\", description: \"Test Discription\", type: \"Test Type\", link: \"Test URL\", association: \"Test association\", parking: \"Test parking\", toilet: \"Test W/C\", refreshments: \"Test refreshments\", other: \"Test Other\", directions: \"Test directions URL\", images: \"Test Image0\", images1: \"Test Image1\" }).expect(\"Content-type\", /json/).expect(201).end(function (err, res) {\n  res.status.should.equal(201);\n  res.body.details.should.have.property('_id');\n  res.body.details.description.should.equal('Test Discription');\n  done();\n});",
      "err": {
        "operator": "to be",
        "expected": "201",
        "showDiff": true,
        "actual": "404",
        "negate": false,
        "assertion": {
          "obj": 404,
          "anyOne": false,
          "negate": false,
          "params": {
            "operator": "to be",
            "expected": 201,
            "showDiff": true,
            "actual": 404,
            "negate": false,
            "assertion": "[Circular ~.allTests.1.err.assertion]"
          },
          "light": false
        },
        "_message": "expected 404 to be 201",
        "generatedMessage": true,
        "uncaught": true,
        "estack": "AssertionError: expected 404 to be 201\n    at Assertion.fail (node_modules\\should\\cjs\\should.js:258:17)\n    at Assertion.value (node_modules\\should\\cjs\\should.js:335:19)\n    at Test.<anonymous> (C:/Users/ellingworthl/Documents/MASTERS_WIT/EWD_Assign2_WebAPI/test/testDetailsApi.js:32:25)\n    at Test.assert (node_modules\\supertest\\lib\\test.js:179:6)\n    at Server.assert (node_modules\\supertest\\lib\\test.js:131:12)\n    at emitCloseNT (net.js:1555:8)\n    at _combinedTickCallback (internal/process/next_tick.js:71:11)\n    at process._tickCallback (internal/process/next_tick.js:98:9)",
        "diff": "- 404\n+ 201\n"
      },
      "isRoot": false,
      "uuid": "db023102-d20a-435a-873b-61cabe27375b",
      "parentUUID": "96066c79-8242-4761-bfb5-61d51d83717b",
      "skipped": false
    },
    {
      "title": "should delete venue",
      "fullTitle": "Details API unit tests should delete venue",
      "timedOut": false,
      "duration": 0,
      "state": "failed",
      "pass": false,
      "fail": true,
      "pending": false,
      "code": "var superserver = (0, _supertest2.default)(_server.server);\nsuperserver.get(\"/api/details\").expect(\"Content-type\", /json/).expect(200) // This is HTTP response\n.end(function (err, res) {\n  var id = res.body[0]._id;\n  superserver.delete(\"/api/details/\" + id).expect(\"Content-type\", /json/).expect(200) // This is HTTP response\n  .end(function (err, res) {\n    res.body._id.should.equal(id);\n    res.body.should.have.property(\"description\");\n    done();\n  });\n});",
      "err": {
        "uncaught": true,
        "estack": "TypeError: Cannot read property '_id' of undefined\n    at Test.<anonymous> (C:/Users/ellingworthl/Documents/MASTERS_WIT/EWD_Assign2_WebAPI/test/testDetailsApi.js:47:18)\n    at Test.assert (node_modules\\supertest\\lib\\test.js:179:6)\n    at Server.assert (node_modules\\supertest\\lib\\test.js:131:12)\n    at emitCloseNT (net.js:1555:8)\n    at _combinedTickCallback (internal/process/next_tick.js:71:11)\n    at process._tickCallback (internal/process/next_tick.js:98:9)"
      },
      "isRoot": false,
      "uuid": "2dc834f1-672f-4814-9f5c-833d2ea64edd",
      "parentUUID": "96066c79-8242-4761-bfb5-61d51d83717b",
      "skipped": false
    },
    {
      "title": "should add and delete Venue Detail 999",
      "fullTitle": "Details API unit tests should add and delete Venue Detail 999",
      "timedOut": false,
      "duration": 0,
      "state": "failed",
      "pass": false,
      "fail": true,
      "pending": false,
      "code": "// post to /api/details\n// calling home page api\nvar superserver = (0, _supertest2.default)(_server.server);\nsuperserver.get(\"/api/details\").expect(\"Content-type\", /json/).expect(200) // This is HTTP response\n.end(function (err, res) {\n  var id = res.body[0]._id;\n  superserver.put(\"/api/details/\" + id).send({ id: \"001\", name: \"999 Venue\", description: \"999 Discription\", type: \"999 Type\", link: \"999 URL\", association: \"999 association\", parking: \"999 parking\", toilet: \"999 W/C\", refreshments: \"999 refreshments\", other: \"999 Other\", directions: \"999 directions URL\", images: \"999 Image0\", images1: \"999 Image1\" }).expect(\"Content-type\", /json/).expect(200) // This is HTTP response\n  .end(function (err, res) {\n    superserver.delete(\"/api/details/\" + id).expect(\"Content-type\", /json/).expect(200) // This is HTTP response\n    .end(function (err, res) {\n      res.body._id.should.equal(id);\n      res.body.name.should.equal(\"Venue 999\");\n      done();\n    });\n  });\n});",
      "err": {
        "uncaught": true,
        "estack": "TypeError: Cannot read property '_id' of undefined\n    at Test.<anonymous> (C:/Users/ellingworthl/Documents/MASTERS_WIT/EWD_Assign2_WebAPI/test/testDetailsApi.js:72:20)\n    at Test.assert (node_modules\\supertest\\lib\\test.js:179:6)\n    at Server.assert (node_modules\\supertest\\lib\\test.js:131:12)\n    at emitCloseNT (net.js:1555:8)\n    at _combinedTickCallback (internal/process/next_tick.js:71:11)\n    at process._tickCallback (internal/process/next_tick.js:98:9)"
      },
      "isRoot": false,
      "uuid": "8f1732c2-20c8-4a3d-b1cf-f20f00eb8145",
      "parentUUID": "96066c79-8242-4761-bfb5-61d51d83717b",
      "skipped": false
    },
    {
      "title": "should return collection of JSON documents",
      "fullTitle": "Events API unit tests should return collection of JSON documents",
      "timedOut": false,
      "duration": 33,
      "state": "passed",
      "speed": "fast",
      "pass": true,
      "fail": false,
      "pending": false,
      "code": "// calling home page api\n    (0, _supertest2.default)(_server.server).get(\"/api/events\").expect(\"Content-type\", /json/).expect(200) // This is HTTP response\n    .end(function (err, res) {\n      // HTTP status should be 200\n      res.status.should.equal(200);\n      done();\n    });",
      "err": {},
      "isRoot": false,
      "uuid": "f78b3166-eeee-471c-b577-f6006ead34cf",
      "parentUUID": "77e0f12b-3187-4e24-aa7a-49ac0fd1cf91",
      "skipped": false
    },
    {
      "title": "should add an event",
      "fullTitle": "Events API unit tests should add an event",
      "timedOut": false,
      "duration": 35,
      "state": "passed",
      "speed": "fast",
      "pass": true,
      "fail": false,
      "pending": false,
      "code": "(0, _supertest2.default)(_server.server).post('/api/events').send({ round: \"Test Round\", venue: \"Test Venue\", date: \"2017/07/01\" }).expect(\"Content-type\", /json/).expect(201).end(function (err, res) {\n  res.status.should.equal(201);\n  res.body.event.should.have.property('_id');\n  res.body.event.round.should.equal('Test Round');\n  done();\n});",
      "err": {},
      "isRoot": false,
      "uuid": "1778b3e7-281c-487e-b193-38751d334d13",
      "parentUUID": "77e0f12b-3187-4e24-aa7a-49ac0fd1cf91",
      "skipped": false
    },
    {
      "title": "should delete event",
      "fullTitle": "Events API unit tests should delete event",
      "timedOut": false,
      "duration": 0,
      "state": "failed",
      "pass": false,
      "fail": true,
      "pending": false,
      "code": "var superserver = (0, _supertest2.default)(_server.server);\nsuperserver.get(\"/api/events\").expect(\"Content-type\", /json/).expect(200) // This is HTTP response\n.end(function (err, res) {\n  var id = res.body[0]._id;\n  superserver.delete(\"/api/events/\" + id).expect(\"Content-type\", /json/).expect(200) // This is HTTP response\n  .end(function (err, res) {\n    res.body._id.should.equal(id);\n    res.body.should.have.property(\"round\");\n    done();\n  });\n});",
      "err": {
        "uncaught": true,
        "estack": "TypeError: Cannot read property '_id' of undefined\n    at Test.<anonymous> (C:/Users/ellingworthl/Documents/MASTERS_WIT/EWD_Assign2_WebAPI/test/testEventsApi.js:47:18)\n    at Test.assert (node_modules\\supertest\\lib\\test.js:179:6)\n    at Server.assert (node_modules\\supertest\\lib\\test.js:131:12)\n    at emitCloseNT (net.js:1555:8)\n    at _combinedTickCallback (internal/process/next_tick.js:71:11)\n    at process._tickCallback (internal/process/next_tick.js:98:9)"
      },
      "isRoot": false,
      "uuid": "548f1e99-5bc4-4e50-b09a-d9eb7f7adef0",
      "parentUUID": "77e0f12b-3187-4e24-aa7a-49ac0fd1cf91",
      "skipped": false
    },
    {
      "title": "should add and delete Event 999",
      "fullTitle": "Events API unit tests should add and delete Event 999",
      "timedOut": false,
      "duration": 0,
      "state": "failed",
      "pass": false,
      "fail": true,
      "pending": false,
      "code": "// post to /api/events\n// calling home page api\nvar superserver = (0, _supertest2.default)(_server.server);\nsuperserver.get(\"/api/events\").expect(\"Content-type\", /json/).expect(200) // This is HTTP response\n.end(function (err, res) {\n  var id = res.body[0]._id;\n  superserver.put(\"/api/events/\" + id).send({ round: \"999 Round\", venue: \"999 Venue\", date: \"999 Date\" }).expect(\"Content-type\", /json/).expect(200) // This is HTTP response\n  .end(function (err, res) {\n    superserver.delete(\"/api/events/\" + id).expect(\"Content-type\", /json/).expect(200) // This is HTTP response\n    .end(function (err, res) {\n      res.body._id.should.equal(id);\n      res.body.round.should.equal(\"Round 999\");\n      done();\n    });\n  });\n});",
      "err": {
        "uncaught": true,
        "estack": "TypeError: Cannot read property '_id' of undefined\n    at Test.<anonymous> (C:/Users/ellingworthl/Documents/MASTERS_WIT/EWD_Assign2_WebAPI/test/testEventsApi.js:72:20)\n    at Test.assert (node_modules\\supertest\\lib\\test.js:179:6)\n    at Server.assert (node_modules\\supertest\\lib\\test.js:131:12)\n    at emitCloseNT (net.js:1555:8)\n    at _combinedTickCallback (internal/process/next_tick.js:71:11)\n    at process._tickCallback (internal/process/next_tick.js:98:9)"
      },
      "isRoot": false,
      "uuid": "718a0eff-9b32-4d46-b5d8-3629e73df819",
      "parentUUID": "77e0f12b-3187-4e24-aa7a-49ac0fd1cf91",
      "skipped": false
    },
    {
      "title": "should return collection of JSON documents",
      "fullTitle": "Reviews API unit tests should return collection of JSON documents",
      "timedOut": false,
      "duration": 27,
      "state": "passed",
      "speed": "fast",
      "pass": true,
      "fail": false,
      "pending": false,
      "code": "// calling home page api\n    (0, _supertest2.default)(_server.server).get(\"/api/reviews\").expect(\"Content-type\", /json/).expect(200) // This is HTTP response\n    .end(function (err, res) {\n      // HTTP status should be 200\n      res.status.should.equal(200);\n      done();\n    });",
      "err": {},
      "isRoot": false,
      "uuid": "4ea67f27-52a5-4d10-8ad3-c2db9c304e4f",
      "parentUUID": "56003d8c-1b56-4458-ad4b-9df7d5a94ae7",
      "skipped": false
    },
    {
      "title": "should add a review",
      "fullTitle": "Reviews API unit tests should add a review",
      "timedOut": false,
      "duration": 21,
      "state": "passed",
      "speed": "fast",
      "pass": true,
      "fail": false,
      "pending": false,
      "code": "(0, _supertest2.default)(_server.server).post('/api/reviews').send({ title: \"Test Review\", link: \"https://github.com/ellingworthl/EWD_Assign2_WebAPI\", username: \"TiggerLady\" }).expect(\"Content-type\", /json/).expect(201).end(function (err, res) {\n  res.status.should.equal(201);\n  res.body.review.should.have.property('_id');\n  res.body.review.username.should.equal('TiggerLady');\n  done();\n});",
      "err": {},
      "isRoot": false,
      "uuid": "f458c9d2-ab07-4b3b-8480-ebe5857edb36",
      "parentUUID": "56003d8c-1b56-4458-ad4b-9df7d5a94ae7",
      "skipped": false
    },
    {
      "title": "should delete review",
      "fullTitle": "Reviews API unit tests should delete review",
      "timedOut": false,
      "duration": 0,
      "state": "failed",
      "pass": false,
      "fail": true,
      "pending": false,
      "code": "var superserver = (0, _supertest2.default)(_server.server);\nsuperserver.get(\"/api/reviews\").expect(\"Content-type\", /json/).expect(200) // This is HTTP response\n.end(function (err, res) {\n  var id = res.body[0]._id;\n  superserver.delete(\"/api/reviews/\" + id).expect(\"Content-type\", /json/).expect(200) // This is HTTP response\n  .end(function (err, res) {\n    res.body._id.should.equal(id);\n    res.body.should.have.property(\"username\");\n    done();\n  });\n});",
      "err": {
        "uncaught": true,
        "estack": "TypeError: Cannot read property '_id' of undefined\n    at Test.<anonymous> (C:/Users/ellingworthl/Documents/MASTERS_WIT/EWD_Assign2_WebAPI/test/testReviewsApi.js:47:18)\n    at Test.assert (node_modules\\supertest\\lib\\test.js:179:6)\n    at Server.assert (node_modules\\supertest\\lib\\test.js:131:12)\n    at emitCloseNT (net.js:1555:8)\n    at _combinedTickCallback (internal/process/next_tick.js:71:11)\n    at process._tickCallback (internal/process/next_tick.js:98:9)"
      },
      "isRoot": false,
      "uuid": "1eee6311-a778-4b76-83a4-81cbe882c406",
      "parentUUID": "56003d8c-1b56-4458-ad4b-9df7d5a94ae7",
      "skipped": false
    },
    {
      "title": "should add and delete Review 999",
      "fullTitle": "Reviews API unit tests should add and delete Review 999",
      "timedOut": false,
      "duration": 0,
      "state": "failed",
      "pass": false,
      "fail": true,
      "pending": false,
      "code": "// post to /api/reviews\n// calling home page api\nvar superserver = (0, _supertest2.default)(_server.server);\nsuperserver.get(\"/api/reviews\").expect(\"Content-type\", /json/).expect(200) // This is HTTP response\n.end(function (err, res) {\n  var id = res.body[0]._id;\n  superserver.put(\"/api/reviews/\" + id).send({ title: \"Review 999\", link: \"Review\", username: \"TiggerLady\" }).expect(\"Content-type\", /json/).expect(200) // This is HTTP response\n  .end(function (err, res) {\n    superserver.delete(\"/api/reviews/\" + id).expect(\"Content-type\", /json/).expect(200) // THis is HTTP response\n    .end(function (err, res) {\n      res.body._id.should.equal(id);\n      res.body.title.should.equal(\"Review 999\");\n      done();\n    });\n  });\n});",
      "err": {
        "uncaught": true,
        "estack": "TypeError: Cannot read property '_id' of undefined\n    at Test.<anonymous> (C:/Users/ellingworthl/Documents/MASTERS_WIT/EWD_Assign2_WebAPI/test/testReviewsApi.js:72:20)\n    at Test.assert (node_modules\\supertest\\lib\\test.js:179:6)\n    at Server.assert (node_modules\\supertest\\lib\\test.js:131:12)\n    at emitCloseNT (net.js:1555:8)\n    at _combinedTickCallback (internal/process/next_tick.js:71:11)\n    at process._tickCallback (internal/process/next_tick.js:98:9)"
      },
      "isRoot": false,
      "uuid": "fd7470f0-3222-4fb8-9c7c-79bda85d6a5e",
      "parentUUID": "56003d8c-1b56-4458-ad4b-9df7d5a94ae7",
      "skipped": false
    },
    {
      "title": "should return collection of JSON documents",
      "fullTitle": "Venues API unit tests should return collection of JSON documents",
      "timedOut": false,
      "duration": 20,
      "state": "passed",
      "speed": "fast",
      "pass": true,
      "fail": false,
      "pending": false,
      "code": "// calling home page api\n    (0, _supertest2.default)(_server.server).get(\"/api/venues\").expect(\"Content-type\", /json/).expect(200) // This is HTTP response\n    .end(function (err, res) {\n      // HTTP status should be 200\n      res.status.should.equal(200);\n      done();\n    });",
      "err": {},
      "isRoot": false,
      "uuid": "9a6db0af-61a0-45f8-8ffb-9aa62a708cfc",
      "parentUUID": "d2649a91-4166-42c9-92de-667a9614d1e3",
      "skipped": false
    },
    {
      "title": "should add a venue",
      "fullTitle": "Venues API unit tests should add a venue",
      "timedOut": false,
      "duration": 14,
      "state": "passed",
      "speed": "fast",
      "pass": true,
      "fail": false,
      "pending": false,
      "code": "(0, _supertest2.default)(_server.server).post('/api/venues').send({ id: \"001\", name: \"Test Venue\", town: \"Test Town\", county: \"Test County\", phoneno: \"Test Ph #\", imageUrl: \"Test Image URL\" }).expect(\"Content-type\", /json/).expect(201).end(function (err, res) {\n  res.status.should.equal(201);\n  res.body.venue.should.have.property('_id');\n  res.body.venue.town.should.equal('Test Town');\n  done();\n});",
      "err": {},
      "isRoot": false,
      "uuid": "68b25f38-6c43-483d-bd23-e2eca37a8c03",
      "parentUUID": "d2649a91-4166-42c9-92de-667a9614d1e3",
      "skipped": false
    },
    {
      "title": "should delete venue",
      "fullTitle": "Venues API unit tests should delete venue",
      "timedOut": false,
      "duration": 0,
      "state": "failed",
      "pass": false,
      "fail": true,
      "pending": false,
      "code": "var superserver = (0, _supertest2.default)(_server.server);\nsuperserver.get(\"/api/venues\").expect(\"Content-type\", /json/).expect(200) // This is HTTP response\n.end(function (err, res) {\n  var id = res.body[0]._id;\n  superserver.delete(\"/api/venues/\" + id).expect(\"Content-type\", /json/).expect(200) // This is HTTP response\n  .end(function (err, res) {\n    res.body._id.should.equal(id);\n    res.body.should.have.property(\"town\");\n    done();\n  });\n});",
      "err": {
        "uncaught": true,
        "estack": "TypeError: Cannot read property '_id' of undefined\n    at Test.<anonymous> (C:/Users/ellingworthl/Documents/MASTERS_WIT/EWD_Assign2_WebAPI/test/testVenuesApi.js:47:18)\n    at Test.assert (node_modules\\supertest\\lib\\test.js:179:6)\n    at Server.assert (node_modules\\supertest\\lib\\test.js:131:12)\n    at emitCloseNT (net.js:1555:8)\n    at _combinedTickCallback (internal/process/next_tick.js:71:11)\n    at process._tickCallback (internal/process/next_tick.js:98:9)"
      },
      "isRoot": false,
      "uuid": "c88d6a78-288f-4b53-8206-a3458ec5a37c",
      "parentUUID": "d2649a91-4166-42c9-92de-667a9614d1e3",
      "skipped": false
    },
    {
      "title": "should add and delete Venue 999",
      "fullTitle": "Venues API unit tests should add and delete Venue 999",
      "timedOut": false,
      "duration": 0,
      "state": "failed",
      "pass": false,
      "fail": true,
      "pending": false,
      "code": "// post to /api/venue\n// calling home page api\nvar superserver = (0, _supertest2.default)(_server.server);\nsuperserver.get(\"/api/venues\").expect(\"Content-type\", /json/).expect(200) // This is HTTP response\n.end(function (err, res) {\n  var id = res.body[0]._id;\n  superserver.put(\"/api/venues/\" + id).send({ id: \"001\", name: \"Venue 999\", town: \"999 Town\", county: \"999 County\", phoneno: \"999 Ph #\", imageUrl: \"999 Image URL\" }).expect(\"Content-type\", /json/).expect(200) // This is HTTP response\n  .end(function (err, res) {\n    superserver.delete(\"/api/venues/\" + id).expect(\"Content-type\", /json/).expect(200) // This is HTTP response\n    .end(function (err, res) {\n      res.body._id.should.equal(id);\n      res.body.name.should.equal(\"Venue 999\");\n      done();\n    });\n  });\n});",
      "err": {
        "uncaught": true,
        "estack": "TypeError: Cannot read property '_id' of undefined\n    at Test.<anonymous> (C:/Users/ellingworthl/Documents/MASTERS_WIT/EWD_Assign2_WebAPI/test/testVenuesApi.js:72:20)\n    at Test.assert (node_modules\\supertest\\lib\\test.js:179:6)\n    at Server.assert (node_modules\\supertest\\lib\\test.js:131:12)\n    at emitCloseNT (net.js:1555:8)\n    at _combinedTickCallback (internal/process/next_tick.js:71:11)\n    at process._tickCallback (internal/process/next_tick.js:98:9)"
      },
      "isRoot": false,
      "uuid": "e044722a-0ce2-4723-9675-fab7ac5ab349",
      "parentUUID": "d2649a91-4166-42c9-92de-667a9614d1e3",
      "skipped": false
    }
  ],
  "allPending": [],
  "allPasses": [
    {
      "title": "should return collection of JSON documents",
      "fullTitle": "Events API unit tests should return collection of JSON documents",
      "timedOut": false,
      "duration": 33,
      "state": "passed",
      "speed": "fast",
      "pass": true,
      "fail": false,
      "pending": false,
      "code": "// calling home page api\n    (0, _supertest2.default)(_server.server).get(\"/api/events\").expect(\"Content-type\", /json/).expect(200) // This is HTTP response\n    .end(function (err, res) {\n      // HTTP status should be 200\n      res.status.should.equal(200);\n      done();\n    });",
      "err": {},
      "isRoot": false,
      "uuid": "f78b3166-eeee-471c-b577-f6006ead34cf",
      "parentUUID": "77e0f12b-3187-4e24-aa7a-49ac0fd1cf91",
      "skipped": false
    },
    {
      "title": "should add an event",
      "fullTitle": "Events API unit tests should add an event",
      "timedOut": false,
      "duration": 35,
      "state": "passed",
      "speed": "fast",
      "pass": true,
      "fail": false,
      "pending": false,
      "code": "(0, _supertest2.default)(_server.server).post('/api/events').send({ round: \"Test Round\", venue: \"Test Venue\", date: \"2017/07/01\" }).expect(\"Content-type\", /json/).expect(201).end(function (err, res) {\n  res.status.should.equal(201);\n  res.body.event.should.have.property('_id');\n  res.body.event.round.should.equal('Test Round');\n  done();\n});",
      "err": {},
      "isRoot": false,
      "uuid": "1778b3e7-281c-487e-b193-38751d334d13",
      "parentUUID": "77e0f12b-3187-4e24-aa7a-49ac0fd1cf91",
      "skipped": false
    },
    {
      "title": "should return collection of JSON documents",
      "fullTitle": "Reviews API unit tests should return collection of JSON documents",
      "timedOut": false,
      "duration": 27,
      "state": "passed",
      "speed": "fast",
      "pass": true,
      "fail": false,
      "pending": false,
      "code": "// calling home page api\n    (0, _supertest2.default)(_server.server).get(\"/api/reviews\").expect(\"Content-type\", /json/).expect(200) // This is HTTP response\n    .end(function (err, res) {\n      // HTTP status should be 200\n      res.status.should.equal(200);\n      done();\n    });",
      "err": {},
      "isRoot": false,
      "uuid": "4ea67f27-52a5-4d10-8ad3-c2db9c304e4f",
      "parentUUID": "56003d8c-1b56-4458-ad4b-9df7d5a94ae7",
      "skipped": false
    },
    {
      "title": "should add a review",
      "fullTitle": "Reviews API unit tests should add a review",
      "timedOut": false,
      "duration": 21,
      "state": "passed",
      "speed": "fast",
      "pass": true,
      "fail": false,
      "pending": false,
      "code": "(0, _supertest2.default)(_server.server).post('/api/reviews').send({ title: \"Test Review\", link: \"https://github.com/ellingworthl/EWD_Assign2_WebAPI\", username: \"TiggerLady\" }).expect(\"Content-type\", /json/).expect(201).end(function (err, res) {\n  res.status.should.equal(201);\n  res.body.review.should.have.property('_id');\n  res.body.review.username.should.equal('TiggerLady');\n  done();\n});",
      "err": {},
      "isRoot": false,
      "uuid": "f458c9d2-ab07-4b3b-8480-ebe5857edb36",
      "parentUUID": "56003d8c-1b56-4458-ad4b-9df7d5a94ae7",
      "skipped": false
    },
    {
      "title": "should return collection of JSON documents",
      "fullTitle": "Venues API unit tests should return collection of JSON documents",
      "timedOut": false,
      "duration": 20,
      "state": "passed",
      "speed": "fast",
      "pass": true,
      "fail": false,
      "pending": false,
      "code": "// calling home page api\n    (0, _supertest2.default)(_server.server).get(\"/api/venues\").expect(\"Content-type\", /json/).expect(200) // This is HTTP response\n    .end(function (err, res) {\n      // HTTP status should be 200\n      res.status.should.equal(200);\n      done();\n    });",
      "err": {},
      "isRoot": false,
      "uuid": "9a6db0af-61a0-45f8-8ffb-9aa62a708cfc",
      "parentUUID": "d2649a91-4166-42c9-92de-667a9614d1e3",
      "skipped": false
    },
    {
      "title": "should add a venue",
      "fullTitle": "Venues API unit tests should add a venue",
      "timedOut": false,
      "duration": 14,
      "state": "passed",
      "speed": "fast",
      "pass": true,
      "fail": false,
      "pending": false,
      "code": "(0, _supertest2.default)(_server.server).post('/api/venues').send({ id: \"001\", name: \"Test Venue\", town: \"Test Town\", county: \"Test County\", phoneno: \"Test Ph #\", imageUrl: \"Test Image URL\" }).expect(\"Content-type\", /json/).expect(201).end(function (err, res) {\n  res.status.should.equal(201);\n  res.body.venue.should.have.property('_id');\n  res.body.venue.town.should.equal('Test Town');\n  done();\n});",
      "err": {},
      "isRoot": false,
      "uuid": "68b25f38-6c43-483d-bd23-e2eca37a8c03",
      "parentUUID": "d2649a91-4166-42c9-92de-667a9614d1e3",
      "skipped": false
    }
  ],
  "allFailures": [
    {
      "title": "should return collection of JSON documents",
      "fullTitle": "Details API unit tests should return collection of JSON documents",
      "timedOut": false,
      "duration": 0,
      "state": "failed",
      "pass": false,
      "fail": true,
      "pending": false,
      "code": "// calling home page api\n    (0, _supertest2.default)(_server.server).get(\"/api/details\").expect(\"Content-type\", /json/).expect(200) // This is HTTP response\n    .end(function (err, res) {\n      // HTTP status should be 200\n      res.status.should.equal(200);\n      done();\n    });",
      "err": {
        "operator": "to be",
        "expected": "200",
        "showDiff": true,
        "actual": "404",
        "negate": false,
        "assertion": {
          "obj": 404,
          "anyOne": false,
          "negate": false,
          "params": {
            "operator": "to be",
            "expected": 200,
            "showDiff": true,
            "actual": 404,
            "negate": false,
            "assertion": "[Circular ~.allFailures.0.err.assertion]"
          },
          "light": false
        },
        "_message": "expected 404 to be 200",
        "generatedMessage": true,
        "uncaught": true,
        "estack": "AssertionError: expected 404 to be 200\n    at Assertion.fail (node_modules\\should\\cjs\\should.js:258:17)\n    at Assertion.value (node_modules\\should\\cjs\\should.js:335:19)\n    at Test.<anonymous> (C:/Users/ellingworthl/Documents/MASTERS_WIT/EWD_Assign2_WebAPI/test/testDetailsApi.js:19:25)\n    at Test.assert (node_modules\\supertest\\lib\\test.js:179:6)\n    at Server.assert (node_modules\\supertest\\lib\\test.js:131:12)\n    at emitCloseNT (net.js:1555:8)\n    at _combinedTickCallback (internal/process/next_tick.js:71:11)\n    at process._tickCallback (internal/process/next_tick.js:98:9)",
        "diff": "- 404\n+ 200\n"
      },
      "isRoot": false,
      "uuid": "fda65e4f-df4c-411d-bada-ded552f4b2f2",
      "parentUUID": "96066c79-8242-4761-bfb5-61d51d83717b",
      "skipped": false
    },
    {
      "title": "should add a venue detail",
      "fullTitle": "Details API unit tests should add a venue detail",
      "timedOut": false,
      "duration": 0,
      "state": "failed",
      "pass": false,
      "fail": true,
      "pending": false,
      "code": "(0, _supertest2.default)(_server.server).post('/api/details').send({ id: \"001\", name: \"Test Venue\", description: \"Test Discription\", type: \"Test Type\", link: \"Test URL\", association: \"Test association\", parking: \"Test parking\", toilet: \"Test W/C\", refreshments: \"Test refreshments\", other: \"Test Other\", directions: \"Test directions URL\", images: \"Test Image0\", images1: \"Test Image1\" }).expect(\"Content-type\", /json/).expect(201).end(function (err, res) {\n  res.status.should.equal(201);\n  res.body.details.should.have.property('_id');\n  res.body.details.description.should.equal('Test Discription');\n  done();\n});",
      "err": {
        "operator": "to be",
        "expected": "201",
        "showDiff": true,
        "actual": "404",
        "negate": false,
        "assertion": {
          "obj": 404,
          "anyOne": false,
          "negate": false,
          "params": {
            "operator": "to be",
            "expected": 201,
            "showDiff": true,
            "actual": 404,
            "negate": false,
            "assertion": "[Circular ~.allFailures.1.err.assertion]"
          },
          "light": false
        },
        "_message": "expected 404 to be 201",
        "generatedMessage": true,
        "uncaught": true,
        "estack": "AssertionError: expected 404 to be 201\n    at Assertion.fail (node_modules\\should\\cjs\\should.js:258:17)\n    at Assertion.value (node_modules\\should\\cjs\\should.js:335:19)\n    at Test.<anonymous> (C:/Users/ellingworthl/Documents/MASTERS_WIT/EWD_Assign2_WebAPI/test/testDetailsApi.js:32:25)\n    at Test.assert (node_modules\\supertest\\lib\\test.js:179:6)\n    at Server.assert (node_modules\\supertest\\lib\\test.js:131:12)\n    at emitCloseNT (net.js:1555:8)\n    at _combinedTickCallback (internal/process/next_tick.js:71:11)\n    at process._tickCallback (internal/process/next_tick.js:98:9)",
        "diff": "- 404\n+ 201\n"
      },
      "isRoot": false,
      "uuid": "db023102-d20a-435a-873b-61cabe27375b",
      "parentUUID": "96066c79-8242-4761-bfb5-61d51d83717b",
      "skipped": false
    },
    {
      "title": "should delete venue",
      "fullTitle": "Details API unit tests should delete venue",
      "timedOut": false,
      "duration": 0,
      "state": "failed",
      "pass": false,
      "fail": true,
      "pending": false,
      "code": "var superserver = (0, _supertest2.default)(_server.server);\nsuperserver.get(\"/api/details\").expect(\"Content-type\", /json/).expect(200) // This is HTTP response\n.end(function (err, res) {\n  var id = res.body[0]._id;\n  superserver.delete(\"/api/details/\" + id).expect(\"Content-type\", /json/).expect(200) // This is HTTP response\n  .end(function (err, res) {\n    res.body._id.should.equal(id);\n    res.body.should.have.property(\"description\");\n    done();\n  });\n});",
      "err": {
        "uncaught": true,
        "estack": "TypeError: Cannot read property '_id' of undefined\n    at Test.<anonymous> (C:/Users/ellingworthl/Documents/MASTERS_WIT/EWD_Assign2_WebAPI/test/testDetailsApi.js:47:18)\n    at Test.assert (node_modules\\supertest\\lib\\test.js:179:6)\n    at Server.assert (node_modules\\supertest\\lib\\test.js:131:12)\n    at emitCloseNT (net.js:1555:8)\n    at _combinedTickCallback (internal/process/next_tick.js:71:11)\n    at process._tickCallback (internal/process/next_tick.js:98:9)"
      },
      "isRoot": false,
      "uuid": "2dc834f1-672f-4814-9f5c-833d2ea64edd",
      "parentUUID": "96066c79-8242-4761-bfb5-61d51d83717b",
      "skipped": false
    },
    {
      "title": "should add and delete Venue Detail 999",
      "fullTitle": "Details API unit tests should add and delete Venue Detail 999",
      "timedOut": false,
      "duration": 0,
      "state": "failed",
      "pass": false,
      "fail": true,
      "pending": false,
      "code": "// post to /api/details\n// calling home page api\nvar superserver = (0, _supertest2.default)(_server.server);\nsuperserver.get(\"/api/details\").expect(\"Content-type\", /json/).expect(200) // This is HTTP response\n.end(function (err, res) {\n  var id = res.body[0]._id;\n  superserver.put(\"/api/details/\" + id).send({ id: \"001\", name: \"999 Venue\", description: \"999 Discription\", type: \"999 Type\", link: \"999 URL\", association: \"999 association\", parking: \"999 parking\", toilet: \"999 W/C\", refreshments: \"999 refreshments\", other: \"999 Other\", directions: \"999 directions URL\", images: \"999 Image0\", images1: \"999 Image1\" }).expect(\"Content-type\", /json/).expect(200) // This is HTTP response\n  .end(function (err, res) {\n    superserver.delete(\"/api/details/\" + id).expect(\"Content-type\", /json/).expect(200) // This is HTTP response\n    .end(function (err, res) {\n      res.body._id.should.equal(id);\n      res.body.name.should.equal(\"Venue 999\");\n      done();\n    });\n  });\n});",
      "err": {
        "uncaught": true,
        "estack": "TypeError: Cannot read property '_id' of undefined\n    at Test.<anonymous> (C:/Users/ellingworthl/Documents/MASTERS_WIT/EWD_Assign2_WebAPI/test/testDetailsApi.js:72:20)\n    at Test.assert (node_modules\\supertest\\lib\\test.js:179:6)\n    at Server.assert (node_modules\\supertest\\lib\\test.js:131:12)\n    at emitCloseNT (net.js:1555:8)\n    at _combinedTickCallback (internal/process/next_tick.js:71:11)\n    at process._tickCallback (internal/process/next_tick.js:98:9)"
      },
      "isRoot": false,
      "uuid": "8f1732c2-20c8-4a3d-b1cf-f20f00eb8145",
      "parentUUID": "96066c79-8242-4761-bfb5-61d51d83717b",
      "skipped": false
    },
    {
      "title": "should delete event",
      "fullTitle": "Events API unit tests should delete event",
      "timedOut": false,
      "duration": 0,
      "state": "failed",
      "pass": false,
      "fail": true,
      "pending": false,
      "code": "var superserver = (0, _supertest2.default)(_server.server);\nsuperserver.get(\"/api/events\").expect(\"Content-type\", /json/).expect(200) // This is HTTP response\n.end(function (err, res) {\n  var id = res.body[0]._id;\n  superserver.delete(\"/api/events/\" + id).expect(\"Content-type\", /json/).expect(200) // This is HTTP response\n  .end(function (err, res) {\n    res.body._id.should.equal(id);\n    res.body.should.have.property(\"round\");\n    done();\n  });\n});",
      "err": {
        "uncaught": true,
        "estack": "TypeError: Cannot read property '_id' of undefined\n    at Test.<anonymous> (C:/Users/ellingworthl/Documents/MASTERS_WIT/EWD_Assign2_WebAPI/test/testEventsApi.js:47:18)\n    at Test.assert (node_modules\\supertest\\lib\\test.js:179:6)\n    at Server.assert (node_modules\\supertest\\lib\\test.js:131:12)\n    at emitCloseNT (net.js:1555:8)\n    at _combinedTickCallback (internal/process/next_tick.js:71:11)\n    at process._tickCallback (internal/process/next_tick.js:98:9)"
      },
      "isRoot": false,
      "uuid": "548f1e99-5bc4-4e50-b09a-d9eb7f7adef0",
      "parentUUID": "77e0f12b-3187-4e24-aa7a-49ac0fd1cf91",
      "skipped": false
    },
    {
      "title": "should add and delete Event 999",
      "fullTitle": "Events API unit tests should add and delete Event 999",
      "timedOut": false,
      "duration": 0,
      "state": "failed",
      "pass": false,
      "fail": true,
      "pending": false,
      "code": "// post to /api/events\n// calling home page api\nvar superserver = (0, _supertest2.default)(_server.server);\nsuperserver.get(\"/api/events\").expect(\"Content-type\", /json/).expect(200) // This is HTTP response\n.end(function (err, res) {\n  var id = res.body[0]._id;\n  superserver.put(\"/api/events/\" + id).send({ round: \"999 Round\", venue: \"999 Venue\", date: \"999 Date\" }).expect(\"Content-type\", /json/).expect(200) // This is HTTP response\n  .end(function (err, res) {\n    superserver.delete(\"/api/events/\" + id).expect(\"Content-type\", /json/).expect(200) // This is HTTP response\n    .end(function (err, res) {\n      res.body._id.should.equal(id);\n      res.body.round.should.equal(\"Round 999\");\n      done();\n    });\n  });\n});",
      "err": {
        "uncaught": true,
        "estack": "TypeError: Cannot read property '_id' of undefined\n    at Test.<anonymous> (C:/Users/ellingworthl/Documents/MASTERS_WIT/EWD_Assign2_WebAPI/test/testEventsApi.js:72:20)\n    at Test.assert (node_modules\\supertest\\lib\\test.js:179:6)\n    at Server.assert (node_modules\\supertest\\lib\\test.js:131:12)\n    at emitCloseNT (net.js:1555:8)\n    at _combinedTickCallback (internal/process/next_tick.js:71:11)\n    at process._tickCallback (internal/process/next_tick.js:98:9)"
      },
      "isRoot": false,
      "uuid": "718a0eff-9b32-4d46-b5d8-3629e73df819",
      "parentUUID": "77e0f12b-3187-4e24-aa7a-49ac0fd1cf91",
      "skipped": false
    },
    {
      "title": "should delete review",
      "fullTitle": "Reviews API unit tests should delete review",
      "timedOut": false,
      "duration": 0,
      "state": "failed",
      "pass": false,
      "fail": true,
      "pending": false,
      "code": "var superserver = (0, _supertest2.default)(_server.server);\nsuperserver.get(\"/api/reviews\").expect(\"Content-type\", /json/).expect(200) // This is HTTP response\n.end(function (err, res) {\n  var id = res.body[0]._id;\n  superserver.delete(\"/api/reviews/\" + id).expect(\"Content-type\", /json/).expect(200) // This is HTTP response\n  .end(function (err, res) {\n    res.body._id.should.equal(id);\n    res.body.should.have.property(\"username\");\n    done();\n  });\n});",
      "err": {
        "uncaught": true,
        "estack": "TypeError: Cannot read property '_id' of undefined\n    at Test.<anonymous> (C:/Users/ellingworthl/Documents/MASTERS_WIT/EWD_Assign2_WebAPI/test/testReviewsApi.js:47:18)\n    at Test.assert (node_modules\\supertest\\lib\\test.js:179:6)\n    at Server.assert (node_modules\\supertest\\lib\\test.js:131:12)\n    at emitCloseNT (net.js:1555:8)\n    at _combinedTickCallback (internal/process/next_tick.js:71:11)\n    at process._tickCallback (internal/process/next_tick.js:98:9)"
      },
      "isRoot": false,
      "uuid": "1eee6311-a778-4b76-83a4-81cbe882c406",
      "parentUUID": "56003d8c-1b56-4458-ad4b-9df7d5a94ae7",
      "skipped": false
    },
    {
      "title": "should add and delete Review 999",
      "fullTitle": "Reviews API unit tests should add and delete Review 999",
      "timedOut": false,
      "duration": 0,
      "state": "failed",
      "pass": false,
      "fail": true,
      "pending": false,
      "code": "// post to /api/reviews\n// calling home page api\nvar superserver = (0, _supertest2.default)(_server.server);\nsuperserver.get(\"/api/reviews\").expect(\"Content-type\", /json/).expect(200) // This is HTTP response\n.end(function (err, res) {\n  var id = res.body[0]._id;\n  superserver.put(\"/api/reviews/\" + id).send({ title: \"Review 999\", link: \"Review\", username: \"TiggerLady\" }).expect(\"Content-type\", /json/).expect(200) // This is HTTP response\n  .end(function (err, res) {\n    superserver.delete(\"/api/reviews/\" + id).expect(\"Content-type\", /json/).expect(200) // THis is HTTP response\n    .end(function (err, res) {\n      res.body._id.should.equal(id);\n      res.body.title.should.equal(\"Review 999\");\n      done();\n    });\n  });\n});",
      "err": {
        "uncaught": true,
        "estack": "TypeError: Cannot read property '_id' of undefined\n    at Test.<anonymous> (C:/Users/ellingworthl/Documents/MASTERS_WIT/EWD_Assign2_WebAPI/test/testReviewsApi.js:72:20)\n    at Test.assert (node_modules\\supertest\\lib\\test.js:179:6)\n    at Server.assert (node_modules\\supertest\\lib\\test.js:131:12)\n    at emitCloseNT (net.js:1555:8)\n    at _combinedTickCallback (internal/process/next_tick.js:71:11)\n    at process._tickCallback (internal/process/next_tick.js:98:9)"
      },
      "isRoot": false,
      "uuid": "fd7470f0-3222-4fb8-9c7c-79bda85d6a5e",
      "parentUUID": "56003d8c-1b56-4458-ad4b-9df7d5a94ae7",
      "skipped": false
    },
    {
      "title": "should delete venue",
      "fullTitle": "Venues API unit tests should delete venue",
      "timedOut": false,
      "duration": 0,
      "state": "failed",
      "pass": false,
      "fail": true,
      "pending": false,
      "code": "var superserver = (0, _supertest2.default)(_server.server);\nsuperserver.get(\"/api/venues\").expect(\"Content-type\", /json/).expect(200) // This is HTTP response\n.end(function (err, res) {\n  var id = res.body[0]._id;\n  superserver.delete(\"/api/venues/\" + id).expect(\"Content-type\", /json/).expect(200) // This is HTTP response\n  .end(function (err, res) {\n    res.body._id.should.equal(id);\n    res.body.should.have.property(\"town\");\n    done();\n  });\n});",
      "err": {
        "uncaught": true,
        "estack": "TypeError: Cannot read property '_id' of undefined\n    at Test.<anonymous> (C:/Users/ellingworthl/Documents/MASTERS_WIT/EWD_Assign2_WebAPI/test/testVenuesApi.js:47:18)\n    at Test.assert (node_modules\\supertest\\lib\\test.js:179:6)\n    at Server.assert (node_modules\\supertest\\lib\\test.js:131:12)\n    at emitCloseNT (net.js:1555:8)\n    at _combinedTickCallback (internal/process/next_tick.js:71:11)\n    at process._tickCallback (internal/process/next_tick.js:98:9)"
      },
      "isRoot": false,
      "uuid": "c88d6a78-288f-4b53-8206-a3458ec5a37c",
      "parentUUID": "d2649a91-4166-42c9-92de-667a9614d1e3",
      "skipped": false
    },
    {
      "title": "should add and delete Venue 999",
      "fullTitle": "Venues API unit tests should add and delete Venue 999",
      "timedOut": false,
      "duration": 0,
      "state": "failed",
      "pass": false,
      "fail": true,
      "pending": false,
      "code": "// post to /api/venue\n// calling home page api\nvar superserver = (0, _supertest2.default)(_server.server);\nsuperserver.get(\"/api/venues\").expect(\"Content-type\", /json/).expect(200) // This is HTTP response\n.end(function (err, res) {\n  var id = res.body[0]._id;\n  superserver.put(\"/api/venues/\" + id).send({ id: \"001\", name: \"Venue 999\", town: \"999 Town\", county: \"999 County\", phoneno: \"999 Ph #\", imageUrl: \"999 Image URL\" }).expect(\"Content-type\", /json/).expect(200) // This is HTTP response\n  .end(function (err, res) {\n    superserver.delete(\"/api/venues/\" + id).expect(\"Content-type\", /json/).expect(200) // This is HTTP response\n    .end(function (err, res) {\n      res.body._id.should.equal(id);\n      res.body.name.should.equal(\"Venue 999\");\n      done();\n    });\n  });\n});",
      "err": {
        "uncaught": true,
        "estack": "TypeError: Cannot read property '_id' of undefined\n    at Test.<anonymous> (C:/Users/ellingworthl/Documents/MASTERS_WIT/EWD_Assign2_WebAPI/test/testVenuesApi.js:72:20)\n    at Test.assert (node_modules\\supertest\\lib\\test.js:179:6)\n    at Server.assert (node_modules\\supertest\\lib\\test.js:131:12)\n    at emitCloseNT (net.js:1555:8)\n    at _combinedTickCallback (internal/process/next_tick.js:71:11)\n    at process._tickCallback (internal/process/next_tick.js:98:9)"
      },
      "isRoot": false,
      "uuid": "e044722a-0ce2-4723-9675-fab7ac5ab349",
      "parentUUID": "d2649a91-4166-42c9-92de-667a9614d1e3",
      "skipped": false
    }
  ],
  "copyrightYear": 2017
}